 
 ---
 
+    mem_space
+    smc
+cpu
+    smc
+
+---
+
+    smc
+mem_space
+    cpu
+
+---
+
+    cpu
+smc
+    cpu
+    mem_space
+
+---
+
 TOTAL CIRCULAR DEPS:
-0
+4
/home/vagrant/fiasco_17_10/src/kernel/fiasco/src/Makefile.sub2:204: recipe for target 'Circular-ok' failed
make[2]: *** [Circular-ok] Error 1
make[2]: Leaving directory '/home/vagrant/fiasco_17_10/src/kernel/fiasco/build'
/home/vagrant/fiasco_17_10/src/kernel/fiasco/src/Makefile:153: recipe for target 'all' failed
make[1]: *** [all] Error 2
make[1]: Leaving directory '/home/vagrant/fiasco_17_10/src/kernel/fiasco/build'
Makefile:72: recipe for target 'build' failed
make: *** [build] Error 2

return code 2
