configuring /vagrant/cases/fiasco_17_10/with_errors/926.config
make -C build oldconfig
make[1]: Entering directory '/home/vagrant/fiasco_17_10/src/kernel/fiasco/build'
make -C /home/vagrant/fiasco_17_10/src/kernel/fiasco/src/../tool/kconfig O=/home/vagrant/fiasco_17_10/src/kernel/fiasco/build Kconfig=Kconfig KCONFIG_AUTOHEADER=globalconfig.h KCONFIG_TRISTATE=include/config/tristate.conf KCONFIG_CONFIG=globalconfig.out KCONFIG_AUTOCONFIG=include/config/auto.conf KERNELVERSION=SVN MENUCONFIG_COLOR=blackbg INCLUDE_PPC32= INCLUDE_SPARC= fiasco_srcdir=/home/vagrant/fiasco_17_10/src/kernel/fiasco/src/.. oldconfig
make[2]: Entering directory '/home/vagrant/fiasco_17_10/src/kernel/fiasco/tool/kconfig'
make[3]: Entering directory '/home/vagrant/fiasco_17_10/src/kernel/fiasco/build'
scripts/kconfig/conf  --oldconfig Kconfig
#
# configuration written to globalconfig.out
#
make[3]: Leaving directory '/home/vagrant/fiasco_17_10/src/kernel/fiasco/build'
make[2]: Leaving directory '/home/vagrant/fiasco_17_10/src/kernel/fiasco/tool/kconfig'
make -C /home/vagrant/fiasco_17_10/src/kernel/fiasco/src/../tool/kconfig O=/home/vagrant/fiasco_17_10/src/kernel/fiasco/build Kconfig=Kconfig KCONFIG_AUTOHEADER=globalconfig.h KCONFIG_TRISTATE=include/config/tristate.conf KCONFIG_CONFIG=globalconfig.out KCONFIG_AUTOCONFIG=include/config/auto.conf KERNELVERSION=SVN MENUCONFIG_COLOR=blackbg INCLUDE_PPC32= INCLUDE_SPARC= fiasco_srcdir=/home/vagrant/fiasco_17_10/src/kernel/fiasco/src/.. silentoldconfig
make[2]: Entering directory '/home/vagrant/fiasco_17_10/src/kernel/fiasco/tool/kconfig'
make[3]: Entering directory '/home/vagrant/fiasco_17_10/src/kernel/fiasco/build'
scripts/kconfig/conf  --silentoldconfig Kconfig
make[3]: Leaving directory '/home/vagrant/fiasco_17_10/src/kernel/fiasco/build'
make[2]: Leaving directory '/home/vagrant/fiasco_17_10/src/kernel/fiasco/tool/kconfig'
make[1]: Leaving directory '/home/vagrant/fiasco_17_10/src/kernel/fiasco/build'

real	0m0.331s
user	0m0.076s
sys	0m0.016s
building /vagrant/cases/fiasco_17_10/with_errors/926.config
set -e; for i in man build; do make -C $i clean; done
make[1]: *** man: No such file or directory.  Stop.
Makefile:77: recipe for target 'clean' failed
make: *** [clean] Error 2
make -C build
make[1]: Entering directory '/home/vagrant/fiasco_17_10/src/kernel/fiasco/build'
/home/vagrant/fiasco_17_10/src/kernel/fiasco/src/../tool/config-tags globalconfig.out >globalconfig.tags
perl: warning: Setting locale failed.
perl: warning: Please check that your locale settings:
	LANGUAGE = (unset),
	LC_ALL = (unset),
	LC_TIME = "en_DK.UTF-8",
	LANG = "en_US.UTF-8"
    are supported and installed on your system.
perl: warning: Falling back to a fallback locale ("en_US.UTF-8").
Cleaning up build directory
Creating .Modules.deps
make srcdir=/home/vagrant/fiasco_17_10/src/kernel/fiasco/src objbase=/home/vagrant/fiasco_17_10/src/kernel/fiasco/build -f /home/vagrant/fiasco_17_10/src/kernel/fiasco/src/Makefile.sub1 
make[2]: Entering directory '/home/vagrant/fiasco_17_10/src/kernel/fiasco/build'
touch .Clean-auto
Checking compiler config... CHANGED.  Recompiling.
  ... Preprocessing kip
perl: warning: Setting locale failed.
perl: warning: Please check that your locale settings:
	LANGUAGE = (unset),
	LC_ALL = (unset),
	LC_TIME = "en_DK.UTF-8",
	LANG = "en_US.UTF-8"
    are supported and installed on your system.
perl: warning: Falling back to a fallback locale ("en_US.UTF-8").
  ... Preprocessing l4_types
perl: warning: Setting locale failed.
perl: warning: Please check that your locale settings:
	LANGUAGE = (unset),
	LC_ALL = (unset),
	LC_TIME = "en_DK.UTF-8",
	LANG = "en_US.UTF-8"
    are supported and installed on your system.
perl: warning: Falling back to a fallback locale ("en_US.UTF-8").
  ... Preprocessing l4_fpage
perl: warning: Setting locale failed.
perl: warning: Please check that your locale settings:
	LANGUAGE = (unset),
	LC_ALL = (unset),
	LC_TIME = "en_DK.UTF-8",
	LANG = "en_US.UTF-8"
    are supported and installed on your system.
perl: warning: Falling back to a fallback locale ("en_US.UTF-8").
  ... Preprocessing l4_msg_item
perl: warning: Setting locale failed.
perl: warning: Please check that your locale settings:
	LANGUAGE = (unset),
	LC_ALL = (unset),
	LC_TIME = "en_DK.UTF-8",
	LANG = "en_US.UTF-8"
    are supported and installed on your system.
perl: warning: Falling back to a fallback locale ("en_US.UTF-8").
  ... Preprocessing l4_buf_desc
perl: warning: Setting locale failed.
perl: warning: Please check that your locale settings:
	LANGUAGE = (unset),
	LC_ALL = (unset),
	LC_TIME = "en_DK.UTF-8",
	LANG = "en_US.UTF-8"
    are supported and installed on your system.
perl: warning: Falling back to a fallback locale ("en_US.UTF-8").
  ... Preprocessing l4_error
perl: warning: Setting locale failed.
perl: warning: Please check that your locale settings:
	LANGUAGE = (unset),
	LC_ALL = (unset),
	LC_TIME = "en_DK.UTF-8",
	LANG = "en_US.UTF-8"
    are supported and installed on your system.
perl: warning: Falling back to a fallback locale ("en_US.UTF-8").
  ... Preprocessing cpu_mask
perl: warning: Setting locale failed.
perl: warning: Please check that your locale settings:
	LANGUAGE = (unset),
	LC_ALL = (unset),
	LC_TIME = "en_DK.UTF-8",
	LANG = "en_US.UTF-8"
    are supported and installed on your system.
perl: warning: Falling back to a fallback locale ("en_US.UTF-8").
  ... Preprocessing rcupdate
perl: warning: Setting locale failed.
perl: warning: Please check that your locale settings:
	LANGUAGE = (unset),
	LC_ALL = (unset),
	LC_TIME = "en_DK.UTF-8",
	LANG = "en_US.UTF-8"
    are supported and installed on your system.
perl: warning: Falling back to a fallback locale ("en_US.UTF-8").
  ... Preprocessing kobject_mapdb
perl: warning: Setting locale failed.
perl: warning: Please check that your locale settings:
	LANGUAGE = (unset),
	LC_ALL = (unset),
	LC_TIME = "en_DK.UTF-8",
	LANG = "en_US.UTF-8"
    are supported and installed on your system.
perl: warning: Falling back to a fallback locale ("en_US.UTF-8").
  ... Preprocessing context_base
perl: warning: Setting locale failed.
perl: warning: Please check that your locale settings:
	LANGUAGE = (unset),
	LC_ALL = (unset),
	LC_TIME = "en_DK.UTF-8",
	LANG = "en_US.UTF-8"
    are supported and installed on your system.
perl: warning: Falling back to a fallback locale ("en_US.UTF-8").
  ... Preprocessing pm
perl: warning: Setting locale failed.
perl: warning: Please check that your locale settings:
	LANGUAGE = (unset),
	LC_ALL = (unset),
	LC_TIME = "en_DK.UTF-8",
	LANG = "en_US.UTF-8"
    are supported and installed on your system.
perl: warning: Falling back to a fallback locale ("en_US.UTF-8").
  ... Preprocessing mem_region
perl: warning: Setting locale failed.
perl: warning: Please check that your locale settings:
	LANGUAGE = (unset),
	LC_ALL = (unset),
	LC_TIME = "en_DK.UTF-8",
	LANG = "en_US.UTF-8"
    are supported and installed on your system.
perl: warning: Falling back to a fallback locale ("en_US.UTF-8").
  ... Preprocessing per_cpu_data
perl: warning: Setting locale failed.
perl: warning: Please check that your locale settings:
	LANGUAGE = (unset),
	LC_ALL = (unset),
	LC_TIME = "en_DK.UTF-8",
	LANG = "en_US.UTF-8"
    are supported and installed on your system.
perl: warning: Falling back to a fallback locale ("en_US.UTF-8").
  ... Preprocessing startup
perl: warning: Setting locale failed.
perl: warning: Please check that your locale settings:
	LANGUAGE = (unset),
	LC_ALL = (unset),
	LC_TIME = "en_DK.UTF-8",
	LANG = "en_US.UTF-8"
    are supported and installed on your system.
perl: warning: Falling back to a fallback locale ("en_US.UTF-8").
  ... Preprocessing queue
perl: warning: Setting locale failed.
perl: warning: Please check that your locale settings:
	LANGUAGE = (unset),
	LC_ALL = (unset),
	LC_TIME = "en_DK.UTF-8",
	LANG = "en_US.UTF-8"
    are supported and installed on your system.
perl: warning: Falling back to a fallback locale ("en_US.UTF-8").
  ... Preprocessing queue_item
perl: warning: Setting locale failed.
perl: warning: Please check that your locale settings:
	LANGUAGE = (unset),
	LC_ALL = (unset),
	LC_TIME = "en_DK.UTF-8",
	LANG = "en_US.UTF-8"
    are supported and installed on your system.
perl: warning: Falling back to a fallback locale ("en_US.UTF-8").
  ... Preprocessing l4_buf_iter
perl: warning: Setting locale failed.
perl: warning: Please check that your locale settings:
	LANGUAGE = (unset),
	LC_ALL = (unset),
	LC_TIME = "en_DK.UTF-8",
	LANG = "en_US.UTF-8"
    are supported and installed on your system.
perl: warning: Falling back to a fallback locale ("en_US.UTF-8").
  ... Preprocessing bitmap
perl: warning: Setting locale failed.
perl: warning: Please check that your locale settings:
	LANGUAGE = (unset),
	LC_ALL = (unset),
	LC_TIME = "en_DK.UTF-8",
	LANG = "en_US.UTF-8"
    are supported and installed on your system.
perl: warning: Falling back to a fallback locale ("en_US.UTF-8").
  ... Preprocessing mapping
perl: warning: Setting locale failed.
perl: warning: Please check that your locale settings:
	LANGUAGE = (unset),
	LC_ALL = (unset),
	LC_TIME = "en_DK.UTF-8",
	LANG = "en_US.UTF-8"
    are supported and installed on your system.
perl: warning: Falling back to a fallback locale ("en_US.UTF-8").
  ... Preprocessing spin_lock
perl: warning: Setting locale failed.
perl: warning: Please check that your locale settings:
	LANGUAGE = (unset),
	LC_ALL = (unset),
	LC_TIME = "en_DK.UTF-8",
	LANG = "en_US.UTF-8"
    are supported and installed on your system.
perl: warning: Falling back to a fallback locale ("en_US.UTF-8").
  ... Preprocessing mapping_tree
perl: warning: Setting locale failed.
perl: warning: Please check that your locale settings:
	LANGUAGE = (unset),
	LC_ALL = (unset),
	LC_TIME = "en_DK.UTF-8",
	LANG = "en_US.UTF-8"
    are supported and installed on your system.
perl: warning: Falling back to a fallback locale ("en_US.UTF-8").
  ... Preprocessing mappable
perl: warning: Setting locale failed.
perl: warning: Please check that your locale settings:
	LANGUAGE = (unset),
	LC_ALL = (unset),
	LC_TIME = "en_DK.UTF-8",
	LANG = "en_US.UTF-8"
    are supported and installed on your system.
perl: warning: Falling back to a fallback locale ("en_US.UTF-8").
  ... Preprocessing dbg_page_info
perl: warning: Setting locale failed.
perl: warning: Please check that your locale settings:
	LANGUAGE = (unset),
	LC_ALL = (unset),
	LC_TIME = "en_DK.UTF-8",
	LANG = "en_US.UTF-8"
    are supported and installed on your system.
perl: warning: Falling back to a fallback locale ("en_US.UTF-8").
  ... Preprocessing mapdb
perl: warning: Setting locale failed.
perl: warning: Please check that your locale settings:
	LANGUAGE = (unset),
	LC_ALL = (unset),
	LC_TIME = "en_DK.UTF-8",
	LANG = "en_US.UTF-8"
    are supported and installed on your system.
perl: warning: Falling back to a fallback locale ("en_US.UTF-8").
  ... Preprocessing pic
perl: warning: Setting locale failed.
perl: warning: Please check that your locale settings:
	LANGUAGE = (unset),
	LC_ALL = (unset),
	LC_TIME = "en_DK.UTF-8",
	LANG = "en_US.UTF-8"
    are supported and installed on your system.
perl: warning: Falling back to a fallback locale ("en_US.UTF-8").
  ... Preprocessing kobject_dbg
perl: warning: Setting locale failed.
perl: warning: Please check that your locale settings:
	LANGUAGE = (unset),
	LC_ALL = (unset),
	LC_TIME = "en_DK.UTF-8",
	LANG = "en_US.UTF-8"
    are supported and installed on your system.
perl: warning: Falling back to a fallback locale ("en_US.UTF-8").
  ... Preprocessing koptions
perl: warning: Setting locale failed.
perl: warning: Please check that your locale settings:
	LANGUAGE = (unset),
	LC_ALL = (unset),
	LC_TIME = "en_DK.UTF-8",
	LANG = "en_US.UTF-8"
    are supported and installed on your system.
perl: warning: Falling back to a fallback locale ("en_US.UTF-8").
  ... Preprocessing kobject_iface
perl: warning: Setting locale failed.
perl: warning: Please check that your locale settings:
	LANGUAGE = (unset),
	LC_ALL = (unset),
	LC_TIME = "en_DK.UTF-8",
	LANG = "en_US.UTF-8"
    are supported and installed on your system.
perl: warning: Falling back to a fallback locale ("en_US.UTF-8").
  ... Preprocessing kobject
perl: warning: Setting locale failed.
perl: warning: Please check that your locale settings:
	LANGUAGE = (unset),
	LC_ALL = (unset),
	LC_TIME = "en_DK.UTF-8",
	LANG = "en_US.UTF-8"
    are supported and installed on your system.
perl: warning: Falling back to a fallback locale ("en_US.UTF-8").
  ... Preprocessing ready_queue_wfq
perl: warning: Setting locale failed.
perl: warning: Please check that your locale settings:
	LANGUAGE = (unset),
	LC_ALL = (unset),
	LC_TIME = "en_DK.UTF-8",
	LANG = "en_US.UTF-8"
    are supported and installed on your system.
perl: warning: Falling back to a fallback locale ("en_US.UTF-8").
  ... Preprocessing obj_space_types
perl: warning: Setting locale failed.
perl: warning: Please check that your locale settings:
	LANGUAGE = (unset),
	LC_ALL = (unset),
	LC_TIME = "en_DK.UTF-8",
	LANG = "en_US.UTF-8"
    are supported and installed on your system.
perl: warning: Falling back to a fallback locale ("en_US.UTF-8").
  ... Preprocessing obj_space_phys_util
perl: warning: Setting locale failed.
perl: warning: Please check that your locale settings:
	LANGUAGE = (unset),
	LC_ALL = (unset),
	LC_TIME = "en_DK.UTF-8",
	LANG = "en_US.UTF-8"
    are supported and installed on your system.
perl: warning: Falling back to a fallback locale ("en_US.UTF-8").
  ... Preprocessing ready_queue_fp
perl: warning: Setting locale failed.
perl: warning: Please check that your locale settings:
	LANGUAGE = (unset),
	LC_ALL = (unset),
	LC_TIME = "en_DK.UTF-8",
	LANG = "en_US.UTF-8"
    are supported and installed on your system.
perl: warning: Falling back to a fallback locale ("en_US.UTF-8").
  ... Preprocessing obj_space
perl: warning: Setting locale failed.
perl: warning: Please check that your locale settings:
	LANGUAGE = (unset),
	LC_ALL = (unset),
	LC_TIME = "en_DK.UTF-8",
	LANG = "en_US.UTF-8"
    are supported and installed on your system.
perl: warning: Falling back to a fallback locale ("en_US.UTF-8").
  ... Preprocessing ptab_base
perl: warning: Setting locale failed.
perl: warning: Please check that your locale settings:
	LANGUAGE = (unset),
	LC_ALL = (unset),
	LC_TIME = "en_DK.UTF-8",
	LANG = "en_US.UTF-8"
    are supported and installed on your system.
perl: warning: Falling back to a fallback locale ("en_US.UTF-8").
  ... Preprocessing ram_quota
perl: warning: Setting locale failed.
perl: warning: Please check that your locale settings:
	LANGUAGE = (unset),
	LC_ALL = (unset),
	LC_TIME = "en_DK.UTF-8",
	LANG = "en_US.UTF-8"
    are supported and installed on your system.
perl: warning: Falling back to a fallback locale ("en_US.UTF-8").
  ... Preprocessing ref_obj
perl: warning: Setting locale failed.
perl: warning: Please check that your locale settings:
	LANGUAGE = (unset),
	LC_ALL = (unset),
	LC_TIME = "en_DK.UTF-8",
	LANG = "en_US.UTF-8"
    are supported and installed on your system.
perl: warning: Falling back to a fallback locale ("en_US.UTF-8").
  ... Preprocessing mem_space
perl: warning: Setting locale failed.
perl: warning: Please check that your locale settings:
	LANGUAGE = (unset),
	LC_ALL = (unset),
	LC_TIME = "en_DK.UTF-8",
	LANG = "en_US.UTF-8"
    are supported and installed on your system.
perl: warning: Falling back to a fallback locale ("en_US.UTF-8").
  ... Preprocessing space
perl: warning: Setting locale failed.
perl: warning: Please check that your locale settings:
	LANGUAGE = (unset),
	LC_ALL = (unset),
	LC_TIME = "en_DK.UTF-8",
	LANG = "en_US.UTF-8"
    are supported and installed on your system.
perl: warning: Falling back to a fallback locale ("en_US.UTF-8").
  ... Preprocessing string_buffer
perl: warning: Setting locale failed.
perl: warning: Please check that your locale settings:
	LANGUAGE = (unset),
	LC_ALL = (unset),
	LC_TIME = "en_DK.UTF-8",
	LANG = "en_US.UTF-8"
    are supported and installed on your system.
perl: warning: Falling back to a fallback locale ("en_US.UTF-8").
  ... Preprocessing vlog
perl: warning: Setting locale failed.
perl: warning: Please check that your locale settings:
	LANGUAGE = (unset),
	LC_ALL = (unset),
	LC_TIME = "en_DK.UTF-8",
	LANG = "en_US.UTF-8"
    are supported and installed on your system.
perl: warning: Falling back to a fallback locale ("en_US.UTF-8").
  ... Preprocessing kmem
perl: warning: Setting locale failed.
perl: warning: Please check that your locale settings:
	LANGUAGE = (unset),
	LC_ALL = (unset),
	LC_TIME = "en_DK.UTF-8",
	LANG = "en_US.UTF-8"
    are supported and installed on your system.
perl: warning: Falling back to a fallback locale ("en_US.UTF-8").
  ... Preprocessing kmem_alloc
perl: warning: Setting locale failed.
perl: warning: Please check that your locale settings:
	LANGUAGE = (unset),
	LC_ALL = (unset),
	LC_TIME = "en_DK.UTF-8",
	LANG = "en_US.UTF-8"
    are supported and installed on your system.
perl: warning: Falling back to a fallback locale ("en_US.UTF-8").
  ... Preprocessing slab_cache
perl: warning: Setting locale failed.
perl: warning: Please check that your locale settings:
	LANGUAGE = (unset),
	LC_ALL = (unset),
	LC_TIME = "en_DK.UTF-8",
	LANG = "en_US.UTF-8"
    are supported and installed on your system.
perl: warning: Falling back to a fallback locale ("en_US.UTF-8").
  ... Preprocessing mem_layout
perl: warning: Setting locale failed.
perl: warning: Please check that your locale settings:
	LANGUAGE = (unset),
	LC_ALL = (unset),
	LC_TIME = "en_DK.UTF-8",
	LANG = "en_US.UTF-8"
    are supported and installed on your system.
perl: warning: Falling back to a fallback locale ("en_US.UTF-8").
  ... Preprocessing kmem_slab
perl: warning: Setting locale failed.
perl: warning: Please check that your locale settings:
	LANGUAGE = (unset),
	LC_ALL = (unset),
	LC_TIME = "en_DK.UTF-8",
	LANG = "en_US.UTF-8"
    are supported and installed on your system.
perl: warning: Falling back to a fallback locale ("en_US.UTF-8").
  ... Preprocessing switch_lock
perl: warning: Setting locale failed.
perl: warning: Please check that your locale settings:
	LANGUAGE = (unset),
	LC_ALL = (unset),
	LC_TIME = "en_DK.UTF-8",
	LANG = "en_US.UTF-8"
    are supported and installed on your system.
perl: warning: Falling back to a fallback locale ("en_US.UTF-8").
  ... Preprocessing kip_init
perl: warning: Setting locale failed.
perl: warning: Please check that your locale settings:
	LANGUAGE = (unset),
	LC_ALL = (unset),
	LC_TIME = "en_DK.UTF-8",
	LANG = "en_US.UTF-8"
    are supported and installed on your system.
perl: warning: Falling back to a fallback locale ("en_US.UTF-8").
  ... Preprocessing thread_lock
perl: warning: Setting locale failed.
perl: warning: Please check that your locale settings:
	LANGUAGE = (unset),
	LC_ALL = (unset),
	LC_TIME = "en_DK.UTF-8",
	LANG = "en_US.UTF-8"
    are supported and installed on your system.
perl: warning: Falling back to a fallback locale ("en_US.UTF-8").
  ... Preprocessing helping_lock
perl: warning: Setting locale failed.
perl: warning: Please check that your locale settings:
	LANGUAGE = (unset),
	LC_ALL = (unset),
	LC_TIME = "en_DK.UTF-8",
	LANG = "en_US.UTF-8"
    are supported and installed on your system.
perl: warning: Falling back to a fallback locale ("en_US.UTF-8").
  ... Preprocessing cpu_lock
perl: warning: Setting locale failed.
perl: warning: Please check that your locale settings:
	LANGUAGE = (unset),
	LC_ALL = (unset),
	LC_TIME = "en_DK.UTF-8",
	LANG = "en_US.UTF-8"
    are supported and installed on your system.
perl: warning: Falling back to a fallback locale ("en_US.UTF-8").
  ... Preprocessing timer
perl: warning: Setting locale failed.
perl: warning: Please check that your locale settings:
	LANGUAGE = (unset),
	LC_ALL = (unset),
	LC_TIME = "en_DK.UTF-8",
	LANG = "en_US.UTF-8"
    are supported and installed on your system.
perl: warning: Falling back to a fallback locale ("en_US.UTF-8").
  ... Preprocessing timeout
perl: warning: Setting locale failed.
perl: warning: Please check that your locale settings:
	LANGUAGE = (unset),
	LC_ALL = (unset),
	LC_TIME = "en_DK.UTF-8",
	LANG = "en_US.UTF-8"
    are supported and installed on your system.
perl: warning: Falling back to a fallback locale ("en_US.UTF-8").
  ... Preprocessing ipc_timeout
perl: warning: Setting locale failed.
perl: warning: Please check that your locale settings:
	LANGUAGE = (unset),
	LC_ALL = (unset),
	LC_TIME = "en_DK.UTF-8",
	LANG = "en_US.UTF-8"
    are supported and installed on your system.
perl: warning: Falling back to a fallback locale ("en_US.UTF-8").
  ... Preprocessing timeslice_timeout
perl: warning: Setting locale failed.
perl: warning: Please check that your locale settings:
	LANGUAGE = (unset),
	LC_ALL = (unset),
	LC_TIME = "en_DK.UTF-8",
	LANG = "en_US.UTF-8"
    are supported and installed on your system.
perl: warning: Falling back to a fallback locale ("en_US.UTF-8").
  ... Preprocessing per_cpu_data_alloc
perl: warning: Setting locale failed.
perl: warning: Please check that your locale settings:
	LANGUAGE = (unset),
	LC_ALL = (unset),
	LC_TIME = "en_DK.UTF-8",
	LANG = "en_US.UTF-8"
    are supported and installed on your system.
perl: warning: Falling back to a fallback locale ("en_US.UTF-8").
  ... Preprocessing vcpu_host_regs
perl: warning: Setting locale failed.
perl: warning: Please check that your locale settings:
	LANGUAGE = (unset),
	LC_ALL = (unset),
	LC_TIME = "en_DK.UTF-8",
	LANG = "en_US.UTF-8"
    are supported and installed on your system.
perl: warning: Falling back to a fallback locale ("en_US.UTF-8").
  ... Preprocessing vcpu
perl: warning: Setting locale failed.
perl: warning: Please check that your locale settings:
	LANGUAGE = (unset),
	LC_ALL = (unset),
	LC_TIME = "en_DK.UTF-8",
	LANG = "en_US.UTF-8"
    are supported and installed on your system.
perl: warning: Falling back to a fallback locale ("en_US.UTF-8").
  ... Preprocessing kobject_helper
perl: warning: Setting locale failed.
perl: warning: Please check that your locale settings:
	LANGUAGE = (unset),
	LC_ALL = (unset),
	LC_TIME = "en_DK.UTF-8",
	LANG = "en_US.UTF-8"
    are supported and installed on your system.
perl: warning: Falling back to a fallback locale ("en_US.UTF-8").
  ... Preprocessing icu_helper
perl: warning: Setting locale failed.
perl: warning: Please check that your locale settings:
	LANGUAGE = (unset),
	LC_ALL = (unset),
	LC_TIME = "en_DK.UTF-8",
	LANG = "en_US.UTF-8"
    are supported and installed on your system.
perl: warning: Falling back to a fallback locale ("en_US.UTF-8").
  ... Preprocessing thread_state
perl: warning: Setting locale failed.
perl: warning: Please check that your locale settings:
	LANGUAGE = (unset),
	LC_ALL = (unset),
	LC_TIME = "en_DK.UTF-8",
	LANG = "en_US.UTF-8"
    are supported and installed on your system.
perl: warning: Falling back to a fallback locale ("en_US.UTF-8").
  ... Preprocessing context
perl: warning: Setting locale failed.
perl: warning: Please check that your locale settings:
	LANGUAGE = (unset),
	LC_ALL = (unset),
	LC_TIME = "en_DK.UTF-8",
	LANG = "en_US.UTF-8"
    are supported and installed on your system.
perl: warning: Falling back to a fallback locale ("en_US.UTF-8").
  ... Preprocessing sender
perl: warning: Setting locale failed.
perl: warning: Please check that your locale settings:
	LANGUAGE = (unset),
	LC_ALL = (unset),
	LC_TIME = "en_DK.UTF-8",
	LANG = "en_US.UTF-8"
    are supported and installed on your system.
perl: warning: Falling back to a fallback locale ("en_US.UTF-8").
  ... Preprocessing receiver
perl: warning: Setting locale failed.
perl: warning: Please check that your locale settings:
	LANGUAGE = (unset),
	LC_ALL = (unset),
	LC_TIME = "en_DK.UTF-8",
	LANG = "en_US.UTF-8"
    are supported and installed on your system.
perl: warning: Falling back to a fallback locale ("en_US.UTF-8").
  ... Preprocessing mem_unit
perl: warning: Setting locale failed.
perl: warning: Please check that your locale settings:
	LANGUAGE = (unset),
	LC_ALL = (unset),
	LC_TIME = "en_DK.UTF-8",
	LANG = "en_US.UTF-8"
    are supported and installed on your system.
perl: warning: Falling back to a fallback locale ("en_US.UTF-8").
  ... Preprocessing factory
perl: warning: Setting locale failed.
perl: warning: Please check that your locale settings:
	LANGUAGE = (unset),
	LC_ALL = (unset),
	LC_TIME = "en_DK.UTF-8",
	LANG = "en_US.UTF-8"
    are supported and installed on your system.
perl: warning: Falling back to a fallback locale ("en_US.UTF-8").
  ... Preprocessing cpu_call
perl: warning: Setting locale failed.
perl: warning: Please check that your locale settings:
	LANGUAGE = (unset),
	LC_ALL = (unset),
	LC_TIME = "en_DK.UTF-8",
	LANG = "en_US.UTF-8"
    are supported and installed on your system.
perl: warning: Falling back to a fallback locale ("en_US.UTF-8").
  ... Preprocessing lock
perl: warning: Setting locale failed.
perl: warning: Please check that your locale settings:
	LANGUAGE = (unset),
	LC_ALL = (unset),
	LC_TIME = "en_DK.UTF-8",
	LANG = "en_US.UTF-8"
    are supported and installed on your system.
perl: warning: Falling back to a fallback locale ("en_US.UTF-8").
  ... Preprocessing ipc_sender
perl: warning: Setting locale failed.
perl: warning: Please check that your locale settings:
	LANGUAGE = (unset),
	LC_ALL = (unset),
	LC_TIME = "en_DK.UTF-8",
	LANG = "en_US.UTF-8"
    are supported and installed on your system.
perl: warning: Falling back to a fallback locale ("en_US.UTF-8").
  ... Preprocessing thread
perl: warning: Setting locale failed.
perl: warning: Please check that your locale settings:
	LANGUAGE = (unset),
	LC_ALL = (unset),
	LC_TIME = "en_DK.UTF-8",
	LANG = "en_US.UTF-8"
    are supported and installed on your system.
perl: warning: Falling back to a fallback locale ("en_US.UTF-8").
  ... Preprocessing thread_object
perl: warning: Setting locale failed.
perl: warning: Please check that your locale settings:
	LANGUAGE = (unset),
	LC_ALL = (unset),
	LC_TIME = "en_DK.UTF-8",
	LANG = "en_US.UTF-8"
    are supported and installed on your system.
perl: warning: Falling back to a fallback locale ("en_US.UTF-8").
  ... Preprocessing syscalls
perl: warning: Setting locale failed.
perl: warning: Please check that your locale settings:
	LANGUAGE = (unset),
	LC_ALL = (unset),
	LC_TIME = "en_DK.UTF-8",
	LANG = "en_US.UTF-8"
    are supported and installed on your system.
perl: warning: Falling back to a fallback locale ("en_US.UTF-8").
  ... Preprocessing kernel_thread
perl: warning: Setting locale failed.
perl: warning: Please check that your locale settings:
	LANGUAGE = (unset),
	LC_ALL = (unset),
	LC_TIME = "en_DK.UTF-8",
	LANG = "en_US.UTF-8"
    are supported and installed on your system.
perl: warning: Falling back to a fallback locale ("en_US.UTF-8").
  ... Preprocessing map_util
perl: warning: Setting locale failed.
perl: warning: Please check that your locale settings:
	LANGUAGE = (unset),
	LC_ALL = (unset),
	LC_TIME = "en_DK.UTF-8",
	LANG = "en_US.UTF-8"
    are supported and installed on your system.
perl: warning: Falling back to a fallback locale ("en_US.UTF-8").
  ... Preprocessing irq
perl: warning: Setting locale failed.
perl: warning: Please check that your locale settings:
	LANGUAGE = (unset),
	LC_ALL = (unset),
	LC_TIME = "en_DK.UTF-8",
	LANG = "en_US.UTF-8"
    are supported and installed on your system.
perl: warning: Falling back to a fallback locale ("en_US.UTF-8").
  ... Preprocessing banner
perl: warning: Setting locale failed.
perl: warning: Please check that your locale settings:
	LANGUAGE = (unset),
	LC_ALL = (unset),
	LC_TIME = "en_DK.UTF-8",
	LANG = "en_US.UTF-8"
    are supported and installed on your system.
perl: warning: Falling back to a fallback locale ("en_US.UTF-8").
  ... Preprocessing warn
perl: warning: Setting locale failed.
perl: warning: Please check that your locale settings:
	LANGUAGE = (unset),
	LC_ALL = (unset),
	LC_TIME = "en_DK.UTF-8",
	LANG = "en_US.UTF-8"
    are supported and installed on your system.
perl: warning: Falling back to a fallback locale ("en_US.UTF-8").
  ... Preprocessing app_cpu_thread
perl: warning: Setting locale failed.
perl: warning: Please check that your locale settings:
	LANGUAGE = (unset),
	LC_ALL = (unset),
	LC_TIME = "en_DK.UTF-8",
	LANG = "en_US.UTF-8"
    are supported and installed on your system.
perl: warning: Falling back to a fallback locale ("en_US.UTF-8").
  ... Preprocessing globals
perl: warning: Setting locale failed.
perl: warning: Please check that your locale settings:
	LANGUAGE = (unset),
	LC_ALL = (unset),
	LC_TIME = "en_DK.UTF-8",
	LANG = "en_US.UTF-8"
    are supported and installed on your system.
perl: warning: Falling back to a fallback locale ("en_US.UTF-8").
  ... Preprocessing watchdog
perl: warning: Setting locale failed.
perl: warning: Please check that your locale settings:
	LANGUAGE = (unset),
	LC_ALL = (unset),
	LC_TIME = "en_DK.UTF-8",
	LANG = "en_US.UTF-8"
    are supported and installed on your system.
perl: warning: Falling back to a fallback locale ("en_US.UTF-8").
  ... Preprocessing kernel_uart
perl: warning: Setting locale failed.
perl: warning: Please check that your locale settings:
	LANGUAGE = (unset),
	LC_ALL = (unset),
	LC_TIME = "en_DK.UTF-8",
	LANG = "en_US.UTF-8"
    are supported and installed on your system.
perl: warning: Falling back to a fallback locale ("en_US.UTF-8").
  ... Preprocessing main
perl: warning: Setting locale failed.
perl: warning: Please check that your locale settings:
	LANGUAGE = (unset),
	LC_ALL = (unset),
	LC_TIME = "en_DK.UTF-8",
	LANG = "en_US.UTF-8"
    are supported and installed on your system.
perl: warning: Falling back to a fallback locale ("en_US.UTF-8").
  ... Preprocessing config
perl: warning: Setting locale failed.
perl: warning: Please check that your locale settings:
	LANGUAGE = (unset),
	LC_ALL = (unset),
	LC_TIME = "en_DK.UTF-8",
	LANG = "en_US.UTF-8"
    are supported and installed on your system.
perl: warning: Falling back to a fallback locale ("en_US.UTF-8").
  ... Preprocessing vmem_alloc
perl: warning: Setting locale failed.
perl: warning: Please check that your locale settings:
	LANGUAGE = (unset),
	LC_ALL = (unset),
	LC_TIME = "en_DK.UTF-8",
	LANG = "en_US.UTF-8"
    are supported and installed on your system.
perl: warning: Falling back to a fallback locale ("en_US.UTF-8").
  ... Preprocessing paging
perl: warning: Setting locale failed.
perl: warning: Please check that your locale settings:
	LANGUAGE = (unset),
	LC_ALL = (unset),
	LC_TIME = "en_DK.UTF-8",
	LANG = "en_US.UTF-8"
    are supported and installed on your system.
perl: warning: Falling back to a fallback locale ("en_US.UTF-8").
  ... Preprocessing fpu
perl: warning: Setting locale failed.
perl: warning: Please check that your locale settings:
	LANGUAGE = (unset),
	LC_ALL = (unset),
	LC_TIME = "en_DK.UTF-8",
	LANG = "en_US.UTF-8"
    are supported and installed on your system.
perl: warning: Falling back to a fallback locale ("en_US.UTF-8").
  ... Preprocessing fpu_state
perl: warning: Setting locale failed.
perl: warning: Please check that your locale settings:
	LANGUAGE = (unset),
	LC_ALL = (unset),
	LC_TIME = "en_DK.UTF-8",
	LANG = "en_US.UTF-8"
    are supported and installed on your system.
perl: warning: Falling back to a fallback locale ("en_US.UTF-8").
  ... Preprocessing fpu_alloc
perl: warning: Setting locale failed.
perl: warning: Please check that your locale settings:
	LANGUAGE = (unset),
	LC_ALL = (unset),
	LC_TIME = "en_DK.UTF-8",
	LANG = "en_US.UTF-8"
    are supported and installed on your system.
perl: warning: Falling back to a fallback locale ("en_US.UTF-8").
  ... Preprocessing cpu
perl: warning: Setting locale failed.
perl: warning: Please check that your locale settings:
	LANGUAGE = (unset),
	LC_ALL = (unset),
	LC_TIME = "en_DK.UTF-8",
	LANG = "en_US.UTF-8"
    are supported and installed on your system.
perl: warning: Falling back to a fallback locale ("en_US.UTF-8").
  ... Preprocessing entry_frame
perl: warning: Setting locale failed.
perl: warning: Please check that your locale settings:
	LANGUAGE = (unset),
	LC_ALL = (unset),
	LC_TIME = "en_DK.UTF-8",
	LANG = "en_US.UTF-8"
    are supported and installed on your system.
perl: warning: Falling back to a fallback locale ("en_US.UTF-8").
  ... Preprocessing kernel_console
perl: warning: Setting locale failed.
perl: warning: Please check that your locale settings:
	LANGUAGE = (unset),
	LC_ALL = (unset),
	LC_TIME = "en_DK.UTF-8",
	LANG = "en_US.UTF-8"
    are supported and installed on your system.
perl: warning: Falling back to a fallback locale ("en_US.UTF-8").
  ... Preprocessing ipc_gate
perl: warning: Setting locale failed.
perl: warning: Please check that your locale settings:
	LANGUAGE = (unset),
	LC_ALL = (unset),
	LC_TIME = "en_DK.UTF-8",
	LANG = "en_US.UTF-8"
    are supported and installed on your system.
perl: warning: Falling back to a fallback locale ("en_US.UTF-8").
  ... Preprocessing task
perl: warning: Setting locale failed.
perl: warning: Please check that your locale settings:
	LANGUAGE = (unset),
	LC_ALL = (unset),
	LC_TIME = "en_DK.UTF-8",
	LANG = "en_US.UTF-8"
    are supported and installed on your system.
perl: warning: Falling back to a fallback locale ("en_US.UTF-8").
  ... Preprocessing sigma0_task
perl: warning: Setting locale failed.
perl: warning: Please check that your locale settings:
	LANGUAGE = (unset),
	LC_ALL = (unset),
	LC_TIME = "en_DK.UTF-8",
	LANG = "en_US.UTF-8"
    are supported and installed on your system.
perl: warning: Falling back to a fallback locale ("en_US.UTF-8").
  ... Preprocessing kernel_task
perl: warning: Setting locale failed.
perl: warning: Please check that your locale settings:
	LANGUAGE = (unset),
	LC_ALL = (unset),
	LC_TIME = "en_DK.UTF-8",
	LANG = "en_US.UTF-8"
    are supported and installed on your system.
perl: warning: Falling back to a fallback locale ("en_US.UTF-8").
  ... Preprocessing platform_control_object
perl: warning: Setting locale failed.
perl: warning: Please check that your locale settings:
	LANGUAGE = (unset),
	LC_ALL = (unset),
	LC_TIME = "en_DK.UTF-8",
	LANG = "en_US.UTF-8"
    are supported and installed on your system.
perl: warning: Falling back to a fallback locale ("en_US.UTF-8").
  ... Preprocessing irq_controller
perl: warning: Setting locale failed.
perl: warning: Please check that your locale settings:
	LANGUAGE = (unset),
	LC_ALL = (unset),
	LC_TIME = "en_DK.UTF-8",
	LANG = "en_US.UTF-8"
    are supported and installed on your system.
perl: warning: Falling back to a fallback locale ("en_US.UTF-8").
  ... Preprocessing irq_chip
perl: warning: Setting locale failed.
perl: warning: Please check that your locale settings:
	LANGUAGE = (unset),
	LC_ALL = (unset),
	LC_TIME = "en_DK.UTF-8",
	LANG = "en_US.UTF-8"
    are supported and installed on your system.
perl: warning: Falling back to a fallback locale ("en_US.UTF-8").
  ... Preprocessing irq_mgr
perl: warning: Setting locale failed.
perl: warning: Please check that your locale settings:
	LANGUAGE = (unset),
	LC_ALL = (unset),
	LC_TIME = "en_DK.UTF-8",
	LANG = "en_US.UTF-8"
    are supported and installed on your system.
perl: warning: Falling back to a fallback locale ("en_US.UTF-8").
  ... Preprocessing terminate
perl: warning: Setting locale failed.
perl: warning: Please check that your locale settings:
	LANGUAGE = (unset),
	LC_ALL = (unset),
	LC_TIME = "en_DK.UTF-8",
	LANG = "en_US.UTF-8"
    are supported and installed on your system.
perl: warning: Falling back to a fallback locale ("en_US.UTF-8").
  ... Preprocessing continuation
perl: warning: Setting locale failed.
perl: warning: Please check that your locale settings:
	LANGUAGE = (unset),
	LC_ALL = (unset),
	LC_TIME = "en_DK.UTF-8",
	LANG = "en_US.UTF-8"
    are supported and installed on your system.
perl: warning: Falling back to a fallback locale ("en_US.UTF-8").
  ... Preprocessing timer_tick
perl: warning: Setting locale failed.
perl: warning: Please check that your locale settings:
	LANGUAGE = (unset),
	LC_ALL = (unset),
	LC_TIME = "en_DK.UTF-8",
	LANG = "en_US.UTF-8"
    are supported and installed on your system.
perl: warning: Falling back to a fallback locale ("en_US.UTF-8").
  ... Preprocessing platform_control
perl: warning: Setting locale failed.
perl: warning: Please check that your locale settings:
	LANGUAGE = (unset),
	LC_ALL = (unset),
	LC_TIME = "en_DK.UTF-8",
	LANG = "en_US.UTF-8"
    are supported and installed on your system.
perl: warning: Falling back to a fallback locale ("en_US.UTF-8").
  ... Preprocessing sched_context
perl: warning: Setting locale failed.
perl: warning: Please check that your locale settings:
	LANGUAGE = (unset),
	LC_ALL = (unset),
	LC_TIME = "en_DK.UTF-8",
	LANG = "en_US.UTF-8"
    are supported and installed on your system.
perl: warning: Falling back to a fallback locale ("en_US.UTF-8").
  ... Preprocessing utcb_init
perl: warning: Setting locale failed.
perl: warning: Please check that your locale settings:
	LANGUAGE = (unset),
	LC_ALL = (unset),
	LC_TIME = "en_DK.UTF-8",
	LANG = "en_US.UTF-8"
    are supported and installed on your system.
perl: warning: Falling back to a fallback locale ("en_US.UTF-8").
  ... Preprocessing perf_cnt
perl: warning: Setting locale failed.
perl: warning: Please check that your locale settings:
	LANGUAGE = (unset),
	LC_ALL = (unset),
	LC_TIME = "en_DK.UTF-8",
	LANG = "en_US.UTF-8"
    are supported and installed on your system.
perl: warning: Falling back to a fallback locale ("en_US.UTF-8").
  ... Preprocessing trap_state
perl: warning: Setting locale failed.
perl: warning: Please check that your locale settings:
	LANGUAGE = (unset),
	LC_ALL = (unset),
	LC_TIME = "en_DK.UTF-8",
	LANG = "en_US.UTF-8"
    are supported and installed on your system.
perl: warning: Falling back to a fallback locale ("en_US.UTF-8").
  ... Preprocessing buddy_alloc
perl: warning: Setting locale failed.
perl: warning: Please check that your locale settings:
	LANGUAGE = (unset),
	LC_ALL = (unset),
	LC_TIME = "en_DK.UTF-8",
	LANG = "en_US.UTF-8"
    are supported and installed on your system.
perl: warning: Falling back to a fallback locale ("en_US.UTF-8").
  ... Preprocessing vkey
perl: warning: Setting locale failed.
perl: warning: Please check that your locale settings:
	LANGUAGE = (unset),
	LC_ALL = (unset),
	LC_TIME = "en_DK.UTF-8",
	LANG = "en_US.UTF-8"
    are supported and installed on your system.
perl: warning: Falling back to a fallback locale ("en_US.UTF-8").
  ... Preprocessing kdb_ke
perl: warning: Setting locale failed.
perl: warning: Please check that your locale settings:
	LANGUAGE = (unset),
	LC_ALL = (unset),
	LC_TIME = "en_DK.UTF-8",
	LANG = "en_US.UTF-8"
    are supported and installed on your system.
perl: warning: Falling back to a fallback locale ("en_US.UTF-8").
  ... Preprocessing prio_list
perl: warning: Setting locale failed.
perl: warning: Please check that your locale settings:
	LANGUAGE = (unset),
	LC_ALL = (unset),
	LC_TIME = "en_DK.UTF-8",
	LANG = "en_US.UTF-8"
    are supported and installed on your system.
perl: warning: Falling back to a fallback locale ("en_US.UTF-8").
  ... Preprocessing ipi
perl: warning: Setting locale failed.
perl: warning: Please check that your locale settings:
	LANGUAGE = (unset),
	LC_ALL = (unset),
	LC_TIME = "en_DK.UTF-8",
	LANG = "en_US.UTF-8"
    are supported and installed on your system.
perl: warning: Falling back to a fallback locale ("en_US.UTF-8").
  ... Preprocessing scheduler
perl: warning: Setting locale failed.
perl: warning: Please check that your locale settings:
	LANGUAGE = (unset),
	LC_ALL = (unset),
	LC_TIME = "en_DK.UTF-8",
	LANG = "en_US.UTF-8"
    are supported and installed on your system.
perl: warning: Falling back to a fallback locale ("en_US.UTF-8").
  ... Preprocessing clock
perl: warning: Setting locale failed.
perl: warning: Please check that your locale settings:
	LANGUAGE = (unset),
	LC_ALL = (unset),
	LC_TIME = "en_DK.UTF-8",
	LANG = "en_US.UTF-8"
    are supported and installed on your system.
perl: warning: Falling back to a fallback locale ("en_US.UTF-8").
  ... Preprocessing sys_call_page
perl: warning: Setting locale failed.
perl: warning: Please check that your locale settings:
	LANGUAGE = (unset),
	LC_ALL = (unset),
	LC_TIME = "en_DK.UTF-8",
	LANG = "en_US.UTF-8"
    are supported and installed on your system.
perl: warning: Falling back to a fallback locale ("en_US.UTF-8").
  ... Preprocessing boot_alloc
perl: warning: Setting locale failed.
perl: warning: Please check that your locale settings:
	LANGUAGE = (unset),
	LC_ALL = (unset),
	LC_TIME = "en_DK.UTF-8",
	LANG = "en_US.UTF-8"
    are supported and installed on your system.
perl: warning: Falling back to a fallback locale ("en_US.UTF-8").
  ... Preprocessing assertion
perl: warning: Setting locale failed.
perl: warning: Please check that your locale settings:
	LANGUAGE = (unset),
	LC_ALL = (unset),
	LC_TIME = "en_DK.UTF-8",
	LANG = "en_US.UTF-8"
    are supported and installed on your system.
perl: warning: Falling back to a fallback locale ("en_US.UTF-8").
  ... Preprocessing semaphore
perl: warning: Setting locale failed.
perl: warning: Please check that your locale settings:
	LANGUAGE = (unset),
	LC_ALL = (unset),
	LC_TIME = "en_DK.UTF-8",
	LANG = "en_US.UTF-8"
    are supported and installed on your system.
perl: warning: Falling back to a fallback locale ("en_US.UTF-8").
  ... Preprocessing jdb_object
perl: warning: Setting locale failed.
perl: warning: Please check that your locale settings:
	LANGUAGE = (unset),
	LC_ALL = (unset),
	LC_TIME = "en_DK.UTF-8",
	LANG = "en_US.UTF-8"
    are supported and installed on your system.
perl: warning: Falling back to a fallback locale ("en_US.UTF-8").
  ... Preprocessing __main
perl: warning: Setting locale failed.
perl: warning: Please check that your locale settings:
	LANGUAGE = (unset),
	LC_ALL = (unset),
	LC_TIME = "en_DK.UTF-8",
	LANG = "en_US.UTF-8"
    are supported and installed on your system.
perl: warning: Falling back to a fallback locale ("en_US.UTF-8").
  ... Preprocessing mem_op
perl: warning: Setting locale failed.
perl: warning: Please check that your locale settings:
	LANGUAGE = (unset),
	LC_ALL = (unset),
	LC_TIME = "en_DK.UTF-8",
	LANG = "en_US.UTF-8"
    are supported and installed on your system.
perl: warning: Falling back to a fallback locale ("en_US.UTF-8").
  ... Preprocessing kmem_space
perl: warning: Setting locale failed.
perl: warning: Please check that your locale settings:
	LANGUAGE = (unset),
	LC_ALL = (unset),
	LC_TIME = "en_DK.UTF-8",
	LANG = "en_US.UTF-8"
    are supported and installed on your system.
perl: warning: Falling back to a fallback locale ("en_US.UTF-8").
  ... Preprocessing boot_uart_init
perl: warning: Setting locale failed.
perl: warning: Please check that your locale settings:
	LANGUAGE = (unset),
	LC_ALL = (unset),
	LC_TIME = "en_DK.UTF-8",
	LANG = "en_US.UTF-8"
    are supported and installed on your system.
perl: warning: Falling back to a fallback locale ("en_US.UTF-8").
  ... Preprocessing irq_chip_generic
perl: warning: Setting locale failed.
perl: warning: Please check that your locale settings:
	LANGUAGE = (unset),
	LC_ALL = (unset),
	LC_TIME = "en_DK.UTF-8",
	LANG = "en_US.UTF-8"
    are supported and installed on your system.
perl: warning: Falling back to a fallback locale ("en_US.UTF-8").
  ... Preprocessing bootstrap
perl: warning: Setting locale failed.
perl: warning: Please check that your locale settings:
	LANGUAGE = (unset),
	LC_ALL = (unset),
	LC_TIME = "en_DK.UTF-8",
	LANG = "en_US.UTF-8"
    are supported and installed on your system.
perl: warning: Falling back to a fallback locale ("en_US.UTF-8").
  ... Preprocessing outer_cache
perl: warning: Setting locale failed.
perl: warning: Please check that your locale settings:
	LANGUAGE = (unset),
	LC_ALL = (unset),
	LC_TIME = "en_DK.UTF-8",
	LANG = "en_US.UTF-8"
    are supported and installed on your system.
perl: warning: Falling back to a fallback locale ("en_US.UTF-8").
  ... Preprocessing utcb_support
perl: warning: Setting locale failed.
perl: warning: Please check that your locale settings:
	LANGUAGE = (unset),
	LC_ALL = (unset),
	LC_TIME = "en_DK.UTF-8",
	LANG = "en_US.UTF-8"
    are supported and installed on your system.
perl: warning: Falling back to a fallback locale ("en_US.UTF-8").
  ... Preprocessing cascade_irq
perl: warning: Setting locale failed.
perl: warning: Please check that your locale settings:
	LANGUAGE = (unset),
	LC_ALL = (unset),
	LC_TIME = "en_DK.UTF-8",
	LANG = "en_US.UTF-8"
    are supported and installed on your system.
perl: warning: Falling back to a fallback locale ("en_US.UTF-8").
  ... Preprocessing irq_mgr_multi_chip
perl: warning: Setting locale failed.
perl: warning: Please check that your locale settings:
	LANGUAGE = (unset),
	LC_ALL = (unset),
	LC_TIME = "en_DK.UTF-8",
	LANG = "en_US.UTF-8"
    are supported and installed on your system.
perl: warning: Falling back to a fallback locale ("en_US.UTF-8").
  ... Preprocessing boot_infos
perl: warning: Setting locale failed.
perl: warning: Please check that your locale settings:
	LANGUAGE = (unset),
	LC_ALL = (unset),
	LC_TIME = "en_DK.UTF-8",
	LANG = "en_US.UTF-8"
    are supported and installed on your system.
perl: warning: Falling back to a fallback locale ("en_US.UTF-8").
  ... Preprocessing gic
perl: warning: Setting locale failed.
perl: warning: Please check that your locale settings:
	LANGUAGE = (unset),
	LC_ALL = (unset),
	LC_TIME = "en_DK.UTF-8",
	LANG = "en_US.UTF-8"
    are supported and installed on your system.
perl: warning: Falling back to a fallback locale ("en_US.UTF-8").
  ... Preprocessing generic_timer
perl: warning: Setting locale failed.
perl: warning: Please check that your locale settings:
	LANGUAGE = (unset),
	LC_ALL = (unset),
	LC_TIME = "en_DK.UTF-8",
	LANG = "en_US.UTF-8"
    are supported and installed on your system.
perl: warning: Falling back to a fallback locale ("en_US.UTF-8").
  ... Preprocessing obj_space_virt_util
perl: warning: Setting locale failed.
perl: warning: Please check that your locale settings:
	LANGUAGE = (unset),
	LC_ALL = (unset),
	LC_TIME = "en_DK.UTF-8",
	LANG = "en_US.UTF-8"
    are supported and installed on your system.
perl: warning: Falling back to a fallback locale ("en_US.UTF-8").
  ... Preprocessing std_macros
perl: warning: Setting locale failed.
perl: warning: Please check that your locale settings:
	LANGUAGE = (unset),
	LC_ALL = (unset),
	LC_TIME = "en_DK.UTF-8",
	LANG = "en_US.UTF-8"
    are supported and installed on your system.
perl: warning: Falling back to a fallback locale ("en_US.UTF-8").
  ... Preprocessing atomic
perl: warning: Setting locale failed.
perl: warning: Please check that your locale settings:
	LANGUAGE = (unset),
	LC_ALL = (unset),
	LC_TIME = "en_DK.UTF-8",
	LANG = "en_US.UTF-8"
    are supported and installed on your system.
perl: warning: Falling back to a fallback locale ("en_US.UTF-8").
  ... Preprocessing lock_guard
perl: warning: Setting locale failed.
perl: warning: Please check that your locale settings:
	LANGUAGE = (unset),
	LC_ALL = (unset),
	LC_TIME = "en_DK.UTF-8",
	LANG = "en_US.UTF-8"
    are supported and installed on your system.
perl: warning: Falling back to a fallback locale ("en_US.UTF-8").
  ... Preprocessing sa1100
perl: warning: Setting locale failed.
perl: warning: Please check that your locale settings:
	LANGUAGE = (unset),
	LC_ALL = (unset),
	LC_TIME = "en_DK.UTF-8",
	LANG = "en_US.UTF-8"
    are supported and installed on your system.
perl: warning: Falling back to a fallback locale ("en_US.UTF-8").
  ... Preprocessing mux_console
perl: warning: Setting locale failed.
perl: warning: Please check that your locale settings:
	LANGUAGE = (unset),
	LC_ALL = (unset),
	LC_TIME = "en_DK.UTF-8",
	LANG = "en_US.UTF-8"
    are supported and installed on your system.
perl: warning: Falling back to a fallback locale ("en_US.UTF-8").
  ... Preprocessing console
perl: warning: Setting locale failed.
perl: warning: Please check that your locale settings:
	LANGUAGE = (unset),
	LC_ALL = (unset),
	LC_TIME = "en_DK.UTF-8",
	LANG = "en_US.UTF-8"
    are supported and installed on your system.
perl: warning: Falling back to a fallback locale ("en_US.UTF-8").
  ... Preprocessing uart
perl: warning: Setting locale failed.
perl: warning: Please check that your locale settings:
	LANGUAGE = (unset),
	LC_ALL = (unset),
	LC_TIME = "en_DK.UTF-8",
	LANG = "en_US.UTF-8"
    are supported and installed on your system.
perl: warning: Falling back to a fallback locale ("en_US.UTF-8").
  ... Preprocessing filter_console
perl: warning: Setting locale failed.
perl: warning: Please check that your locale settings:
	LANGUAGE = (unset),
	LC_ALL = (unset),
	LC_TIME = "en_DK.UTF-8",
	LANG = "en_US.UTF-8"
    are supported and installed on your system.
perl: warning: Falling back to a fallback locale ("en_US.UTF-8").
  ... Preprocessing h3xxx
perl: warning: Setting locale failed.
perl: warning: Please check that your locale settings:
	LANGUAGE = (unset),
	LC_ALL = (unset),
	LC_TIME = "en_DK.UTF-8",
	LANG = "en_US.UTF-8"
    are supported and installed on your system.
perl: warning: Falling back to a fallback locale ("en_US.UTF-8").
  ... Preprocessing io
perl: warning: Setting locale failed.
perl: warning: Please check that your locale settings:
	LANGUAGE = (unset),
	LC_ALL = (unset),
	LC_TIME = "en_DK.UTF-8",
	LANG = "en_US.UTF-8"
    are supported and installed on your system.
perl: warning: Falling back to a fallback locale ("en_US.UTF-8").
  ... Preprocessing mem
perl: warning: Setting locale failed.
perl: warning: Please check that your locale settings:
	LANGUAGE = (unset),
	LC_ALL = (unset),
	LC_TIME = "en_DK.UTF-8",
	LANG = "en_US.UTF-8"
    are supported and installed on your system.
perl: warning: Falling back to a fallback locale ("en_US.UTF-8").
  ... Preprocessing mmu
perl: warning: Setting locale failed.
perl: warning: Please check that your locale settings:
	LANGUAGE = (unset),
	LC_ALL = (unset),
	LC_TIME = "en_DK.UTF-8",
	LANG = "en_US.UTF-8"
    are supported and installed on your system.
perl: warning: Falling back to a fallback locale ("en_US.UTF-8").
  ... Preprocessing reset
perl: warning: Setting locale failed.
perl: warning: Please check that your locale settings:
	LANGUAGE = (unset),
	LC_ALL = (unset),
	LC_TIME = "en_DK.UTF-8",
	LANG = "en_US.UTF-8"
    are supported and installed on your system.
perl: warning: Falling back to a fallback locale ("en_US.UTF-8").
  ... Preprocessing processor
perl: warning: Setting locale failed.
perl: warning: Please check that your locale settings:
	LANGUAGE = (unset),
	LC_ALL = (unset),
	LC_TIME = "en_DK.UTF-8",
	LANG = "en_US.UTF-8"
    are supported and installed on your system.
perl: warning: Falling back to a fallback locale ("en_US.UTF-8").
  ... Preprocessing delayloop
perl: warning: Setting locale failed.
perl: warning: Please check that your locale settings:
	LANGUAGE = (unset),
	LC_ALL = (unset),
	LC_TIME = "en_DK.UTF-8",
	LANG = "en_US.UTF-8"
    are supported and installed on your system.
perl: warning: Falling back to a fallback locale ("en_US.UTF-8").
  ... Preprocessing paranoia
perl: warning: Setting locale failed.
perl: warning: Please check that your locale settings:
	LANGUAGE = (unset),
	LC_ALL = (unset),
	LC_TIME = "en_DK.UTF-8",
	LANG = "en_US.UTF-8"
    are supported and installed on your system.
perl: warning: Falling back to a fallback locale ("en_US.UTF-8").
  ... Preprocessing s_cruft
perl: warning: Setting locale failed.
perl: warning: Please check that your locale settings:
	LANGUAGE = (unset),
	LC_ALL = (unset),
	LC_TIME = "en_DK.UTF-8",
	LANG = "en_US.UTF-8"
    are supported and installed on your system.
perl: warning: Falling back to a fallback locale ("en_US.UTF-8").
  ... Preprocessing jdb_ktrace
perl: warning: Setting locale failed.
perl: warning: Please check that your locale settings:
	LANGUAGE = (unset),
	LC_ALL = (unset),
	LC_TIME = "en_DK.UTF-8",
	LANG = "en_US.UTF-8"
    are supported and installed on your system.
perl: warning: Falling back to a fallback locale ("en_US.UTF-8").
make[2]: Leaving directory '/home/vagrant/fiasco_17_10/src/kernel/fiasco/build'
make srcdir=/home/vagrant/fiasco_17_10/src/kernel/fiasco/src objbase=/home/vagrant/fiasco_17_10/src/kernel/fiasco/build -f /home/vagrant/fiasco_17_10/src/kernel/fiasco/src/Makefile.sub2 all
make[2]: Entering directory '/home/vagrant/fiasco_17_10/src/kernel/fiasco/build'
  ... Making kernel.arm.lds
  ... Making crt0.o
  ... Making bootstrap.o
  ... Making bootstrap-arm-64.o
  ==> Linking bootstrap.fiasco.pre.o
  ==> Linking bootstrap.fiasco.o
  ... Making kernel_panic.o
  ... Making libc_backend_lock.o
  ... Making cpu_mask.o
  ... Making rcupdate.o
  ... Making kobject_mapdb.o
  ... Making context_base.o
  ... Making pm.o
  ... Making mem_region.o
  ... Making per_cpu_data.o
  ... Making startup.o
  ... Making startup-arm.o
  ... Making queue.o
  ... Making queue_item.o
  ... Making l4_buf_iter.o
  ... Making bitmap.o
  ... Making mapping-arm.o
  ... Making mapping.o
  ... Making spin_lock.o
  ... Making spin_lock-arm.o
  ... Making spin_lock-arm-64.o
  ... Making mapping_tree.o
  ... Making mappable.o
  ... Making dbg_page_info.o
  ... Making mapdb.o
  ... Making pic.o
  ... Making pic-gic.o
  ... Making pic-arm-layerscape.o
  ... Making kobject_dbg.o
  ... Making koptions.o
  ... Making kobject_iface.o
  ... Making kobject.o
  ... Making ready_queue_wfq.o
  ... Making obj_space_types.o
  ... Making obj_space_phys_util.o
  ... Making ready_queue_fp.o
  ... Making obj_space.o
  ... Making obj_space-virt.o
  ... Making ptab_base.o
  ... Making ram_quota.o
  ... Making ref_obj.o
  ... Making mem_space.o
  ... Making mem_space-arm.o
  ... Making mem_space-arm-64.o
  ... Making mem_space-user.o
  ... Making space.o
  ... Making string_buffer.o
  ... Making vlog.o
  ... Making kmem.o
  ... Making kmem-arm-64.o
  ... Making kmem_alloc.o
  ... Making kmem_alloc-arm.o
  ... Making slab_cache.o
  ... Making mem_layout.o
  ... Making mem_layout-arm-64.o
  ... Making mem_layout-arm.o
  ... Making mem_layout-noncont.o
  ... Making mem_layout-arm-layerscape.o
  ... Making kmem_slab.o
  ... Making switch_lock.o
  ... Making kip_init.o
  ... Making thread_lock.o
  ... Making helping_lock.o
  ... Making cpu_lock.o
  ... Making cpu_lock-generic.o
  ... Making timer.o
  ... Making timer-arm.o
  ... Making timer-arm-generic.o
  ... Making timer-arm-generic-layerscape.o
  ... Making timeout.o
  ... Making ipc_timeout.o
  ... Making timeslice_timeout.o
  ... Making per_cpu_data_alloc.o
  ... Making vcpu_host_regs-arm.o
  ... Making vcpu.o
  ... Making kobject_helper.o
  ... Making icu_helper.o
  ... Making thread_state.o
  ... Making context.o
  ... Making context-arm.o
  ... Making context-arm-64.o
  ... Making context-vcpu.o
  ... Making context-arm-hyp.o
  ... Making context-arm-hyp-64.o
  ... Making sender.o
  ... Making receiver.o
  ... Making mem_unit.o
  ... Making mem_unit-arm-64.o
  ... Making factory.o
  ... Making cpu_call.o
  ... Making lock.o
  ... Making ipc_sender.o
  ... Making thread.o
  ... Making thread-arm.o
  ... Making thread-arm-hyp.o
  ... Making thread-jdb.o
  ... Making thread-jdb-64.o
  ... Making thread-ipc.o
  ... Making thread-pagefault.o
  ... Making thread-log.o
  ... Making thread-vcpu.o
  ... Making thread-arm-64.o
  ... Making thread_object.o
  ... Making syscalls.o
  ... Making syscalls-log.o
  ... Making kernel_thread.o
  ... Making kernel_thread-std.o
  ... Making kernel_thread-arm.o
  ... Making kernel_thread-arm-64.o
  ... Making map_util.o
  ... Making map_util-mem.o
  ... Making map_util-objs.o
  ... Making irq.o
  ... Making banner.o
  ... Making warn.o
  ... Making app_cpu_thread.o
  ... Making globals.o
  ... Making watchdog.o
  ... Making kernel_uart.o
  ... Making kernel_uart-libuart.o
  ... Making main.o
  ... Making config.o
  ... Making config-arm.o
  ... Making config-arm-layerscape.o
  ... Making vmem_alloc.o
  ... Making vmem_alloc-arch.o
  ... Making paging.o
  ... Making paging-arm.o
  ... Making paging-arm-64.o
  ... Making fpu.o
  ... Making fpu-arm.o
  ... Making fpu_state.o
  ... Making fpu_alloc.o
  ... Making cpu.o
  ... Making cpu-arm.o
  ... Making cpu-arm-hyp.o
  ... Making cpu-arm-64.o
  ... Making entry_frame-arm.o
  ... Making entry_frame-abs-timeout-hack.o
  ... Making kernel_console.o
  ... Making ipc_gate.o
  ... Making task.o
  ... Making task-arm.o
  ... Making sigma0_task.o
  ... Making kernel_task.o
  ... Making kernel_task-arm.o
  ... Making platform_control_object.o
  ... Making irq_controller.o
  ... Making irq_chip.o
  ... Making irq_mgr.o
  ... Making terminate.o
  ... Making continuation-arm.o
  ... Making timer_tick.o
  ... Making timer_tick-arm.o
  ... Making timer_tick-single-vector.o
  ... Making platform_control.o
  ... Making platform_control-arm-psci.o
  ... Making platform_control-arm-layerscape.o
  ... Making sched_context-wfq.o
  ... Making sched_context-fixed_prio.o
  ... Making sched_context-fp_wfq.o
  ... Making sched_context.o
  ... Making utcb_init.o
  ... Making utcb_init-arm.o
  ... Making perf_cnt.o
  ... Making perf_cnt-arm.o
  ... Making perf_cnt-arm-64.o
  ... Making trap_state.o
  ... Making buddy_alloc.o
  ... Making vkey.o
  ... Making kdb_ke-arm.o
  ... Making prio_list.o
  ... Making ipi.o
  ... Making ipi-arm.o
  ... Making scheduler.o
  ... Making clock.o
  ... Making clock-generic.o
  ... Making sys_call_page.o
  ... Making boot_alloc.o
  ... Making assertion.o
  ... Making semaphore.o
  ... Making jdb_object.o
  ... Making __main.o
  ... Making mem_op.o
  ... Making mem_op-arm-64.o
  ... Making kmem_space.o
  ... Making kmem_space-arm-64.o
  ... Making boot_uart_init.o
  ... Making irq_chip_generic.o
  ... Making outer_cache.o
  ... Making outer_cache-l2cxx0.o
  ... Making utcb_support.o
  ... Making utcb_support-arm.o
  ... Making cascade_irq.o
  ... Making irq_mgr_multi_chip.o
  ... Making boot_infos.o
  ... Making gic.o
  ... Making gic-arm-layerscape.o
  ... Making generic_timer.o
  ... Making obj_space_virt_util.o
  ... Making dump_tcboffsets
  ... Making tcboffset.o
  ==> Linking tcboffset.bin
  ... Making tcboffset.h
  ... Making tramp-mp.o
  ... Making ivt.o
  ... Making construction.o
  ... Making std_macros.o
  ... Making atomic.o
  ... Making atomic-arm-up.o
  ... Making atomic-arm-64.o
  ... Making atomic-arm.o
  ... Making lock_guard.o
  ==> Archiving into libk.a
  ... Generating version information
  ... Making kip.o
  ... Making kip-debug.o
  ... Making kip-arm.o
  ... Making l4_types.o
  ... Making l4_types-debug.o
  ... Making l4_fpage.o
  ... Making l4_msg_item.o
  ... Making l4_buf_desc.o
  ... Making l4_error.o
  ==> Archiving into libabi.a
  ... Making sa1100.o
  ... Making mux_console.o
  ... Making console.o
  ... Making uart.o
  ... Making uart-16550.o
  ... Making filter_console.o
  ... Making h3xxx.o
  ... Making io.o
  ... Making io-arm.o
  ... Making mem.o
  ... Making mem-arm.o
  ... Making mmu.o
  ... Making mmu-arm.o
  ... Making mmu-arm-64.o
  ... Making reset-arm-layerscape.o
  ... Making processor.o
  ... Making processor-arm-64.o
  ... Making processor-arm.o
  ... Making delayloop.o
  ==> Archiving into libdrivers.a
make[3]: Entering directory '/home/vagrant/fiasco_17_10/src/kernel/fiasco/build/uart'
make[3]: Warning: Archive 'libuart.a' seems to have been created in deterministic mode. 'uart_16550.o' will always be updated. Please consider passing the U flag to ar to avoid the problem.
  ... Making uart_16550.o
  ==> Archiving into libuart.a
make[3]: Warning: Archive 'libuart.a' seems to have been created in deterministic mode. 'uart_16550.o' will always be updated. Please consider passing the U flag to ar to avoid the problem.
make[3]: Leaving directory '/home/vagrant/fiasco_17_10/src/kernel/fiasco/build/uart'
  ... Making paranoia.o
  ... Making s_cruft.o
  ==> Archiving into libcxx.a
  ... Making atexit.o
  ... Making memccpy.o
  ... Making memcmp.o
  ... Making memmove.o
  ... Making memset.o
  ... Making memcpy.o
  ... Making memchr.o
  ... Making panic.o
  ... Making strchr.o
  ... Making strcmp.o
  ... Making strcpy.o
  ... Making strlen.o
  ... Making strncmp.o
  ... Making strncpy.o
  ... Making strstr.o
  ... Making printf.o
  ... Making __v_printf.o
  ... Making vprintf.o
  ... Making strtol.o
  ... Making strtoul.o
  ... Making __lltostr.o
  ... Making __ltostr.o
  ... Making putchar.o
  ... Making puts.o
  ... Making getchar.o
  ... Making gets.o
  ... Making sprintf.o
  ... Making snprintf.o
  ... Making vsnprintf.o
  ... Making vsprintf.o
  ... Making longjmp.o
  ... Making isalnum.o
  ... Making isalpha.o
  ... Making isascii.o
  ... Making isblank.o
  ... Making iscntrl.o
  ... Making isdigit.o
  ... Making isgraph.o
  ... Making islower.o
  ... Making isprint.o
  ... Making ispunct.o
  ... Making isspace.o
  ... Making isupper.o
  ... Making isxdigit.o
  ... Making strspn.o
  ... Making strcspn.o
  ... Making tolower.o
  ... Making raise.o
  ... Making aeabi.o
  ... Making setjmp.o
  ==> Archiving into libc.a
  ... Making glue_libc.o
  ==> Archiving into libgluedriverslibc.a
  ==> Linking fiasco.debug
ivt.o: In function `exception_vector':
/home/vagrant/fiasco_17_10/src/kernel/fiasco/src/kern/arm/64/ivt.S:182: undefined reference to `call_nested_trap_handler'
/home/vagrant/fiasco_17_10/src/kernel/fiasco/src/kern/arm/64/ivt.S:182:(.text.ivt+0x90): relocation truncated to fit: R_AARCH64_ADR_PREL_LO21 against undefined symbol `call_nested_trap_handler'
/home/vagrant/fiasco_17_10/src/kernel/fiasco/src/kern/arm/64/ivt.S:186: undefined reference to `call_nested_trap_handler'
/home/vagrant/fiasco_17_10/src/kernel/fiasco/src/kern/arm/64/ivt.S:186:(.text.ivt+0x110): relocation truncated to fit: R_AARCH64_ADR_PREL_LO21 against undefined symbol `call_nested_trap_handler'
/home/vagrant/fiasco_17_10/src/kernel/fiasco/src/kern/arm/64/ivt.S:190: undefined reference to `call_nested_trap_handler'
/home/vagrant/fiasco_17_10/src/kernel/fiasco/src/kern/arm/64/ivt.S:190:(.text.ivt+0x190): relocation truncated to fit: R_AARCH64_ADR_PREL_LO21 against undefined symbol `call_nested_trap_handler'
/home/vagrant/fiasco_17_10/src/kernel/fiasco/src/kern/arm/Makerules.KERNEL:34: recipe for target 'fiasco.debug' failed
make[2]: *** [fiasco.debug] Error 1
make[2]: Leaving directory '/home/vagrant/fiasco_17_10/src/kernel/fiasco/build'
/home/vagrant/fiasco_17_10/src/kernel/fiasco/src/Makefile:153: recipe for target 'all' failed
make[1]: *** [all] Error 2
make[1]: Leaving directory '/home/vagrant/fiasco_17_10/src/kernel/fiasco/build'
Makefile:72: recipe for target 'build' failed
make: *** [build] Error 2

real	0m57.903s
user	0m48.508s
sys	0m4.380s
return code 2
binary size (in bytes): 37993742
