configuring /vagrant/cases/fiasco_17_10/configs/1.config
make -C build oldconfig
make[1]: Entering directory `/home/vagrant/fiasco_17_10/src/kernel/fiasco/build'
make -C /home/vagrant/fiasco_17_10/src/kernel/fiasco/src/../tool/kconfig O=/home/vagrant/fiasco_17_10/src/kernel/fiasco/build Kconfig=Kconfig KCONFIG_AUTOHEADER=globalconfig.h KCONFIG_TRISTATE=include/config/tristate.conf KCONFIG_CONFIG=globalconfig.out KCONFIG_AUTOCONFIG=include/config/auto.conf KERNELVERSION=SVN MENUCONFIG_COLOR=blackbg INCLUDE_PPC32= INCLUDE_SPARC= fiasco_srcdir=/home/vagrant/fiasco_17_10/src/kernel/fiasco/src/.. oldconfig
make[2]: Entering directory `/home/vagrant/fiasco_17_10/src/kernel/fiasco/tool/kconfig'
make[3]: Entering directory `/home/vagrant/fiasco_17_10/src/kernel/fiasco/build'
scripts/kconfig/conf  --oldconfig Kconfig
#
# configuration written to globalconfig.out
#
make[3]: Leaving directory `/home/vagrant/fiasco_17_10/src/kernel/fiasco/build'
make[2]: Leaving directory `/home/vagrant/fiasco_17_10/src/kernel/fiasco/tool/kconfig'
make -C /home/vagrant/fiasco_17_10/src/kernel/fiasco/src/../tool/kconfig O=/home/vagrant/fiasco_17_10/src/kernel/fiasco/build Kconfig=Kconfig KCONFIG_AUTOHEADER=globalconfig.h KCONFIG_TRISTATE=include/config/tristate.conf KCONFIG_CONFIG=globalconfig.out KCONFIG_AUTOCONFIG=include/config/auto.conf KERNELVERSION=SVN MENUCONFIG_COLOR=blackbg INCLUDE_PPC32= INCLUDE_SPARC= fiasco_srcdir=/home/vagrant/fiasco_17_10/src/kernel/fiasco/src/.. silentoldconfig
make[2]: Entering directory `/home/vagrant/fiasco_17_10/src/kernel/fiasco/tool/kconfig'
make[3]: Entering directory `/home/vagrant/fiasco_17_10/src/kernel/fiasco/build'
scripts/kconfig/conf  --silentoldconfig Kconfig
make[3]: Leaving directory `/home/vagrant/fiasco_17_10/src/kernel/fiasco/build'
make[2]: Leaving directory `/home/vagrant/fiasco_17_10/src/kernel/fiasco/tool/kconfig'
make[1]: Leaving directory `/home/vagrant/fiasco_17_10/src/kernel/fiasco/build'

real	0m0.290s
user	0m0.060s
sys	0m0.036s
warning: CONFIG_KERNELVERSION differs between configs.  nonbool value is not set in kconfig
warning: selectable bool CONFIG_INCLUDE_PPC32 is not set by kconfig, because it is set by environment variable
warning: CONFIG_MP_MAX_CPUS differs between configs.  nonbool value is not set in kconfig
warning: CONFIG_MIPS_CPU_FREQUENCY differs between configs.  nonbool value is not set in kconfig
warning: CONFIG_ABI is being set to some value in kconfig output, but is not user-selectable anyway.
warning: CONFIG_XARCH is being set to some value in kconfig output, but is not user-selectable anyway.
warning: CONFIG_BSP_NAME is being set to some value in kconfig output, but is not user-selectable anyway.
warning: CONFIG_WARN_LEVEL is being set to some value in kconfig output, but is not user-selectable anyway.
0 errors
8 warnings
diff result: 0
configuring /vagrant/cases/fiasco_17_10/configs/2.config
make -C build oldconfig
make[1]: Entering directory `/home/vagrant/fiasco_17_10/src/kernel/fiasco/build'
make -C /home/vagrant/fiasco_17_10/src/kernel/fiasco/src/../tool/kconfig O=/home/vagrant/fiasco_17_10/src/kernel/fiasco/build Kconfig=Kconfig KCONFIG_AUTOHEADER=globalconfig.h KCONFIG_TRISTATE=include/config/tristate.conf KCONFIG_CONFIG=globalconfig.out KCONFIG_AUTOCONFIG=include/config/auto.conf KERNELVERSION=SVN MENUCONFIG_COLOR=blackbg INCLUDE_PPC32= INCLUDE_SPARC= fiasco_srcdir=/home/vagrant/fiasco_17_10/src/kernel/fiasco/src/.. oldconfig
make[2]: Entering directory `/home/vagrant/fiasco_17_10/src/kernel/fiasco/tool/kconfig'
make[3]: Entering directory `/home/vagrant/fiasco_17_10/src/kernel/fiasco/build'
scripts/kconfig/conf  --oldconfig Kconfig
#
# configuration written to globalconfig.out
#
make[3]: Leaving directory `/home/vagrant/fiasco_17_10/src/kernel/fiasco/build'
make[2]: Leaving directory `/home/vagrant/fiasco_17_10/src/kernel/fiasco/tool/kconfig'
make -C /home/vagrant/fiasco_17_10/src/kernel/fiasco/src/../tool/kconfig O=/home/vagrant/fiasco_17_10/src/kernel/fiasco/build Kconfig=Kconfig KCONFIG_AUTOHEADER=globalconfig.h KCONFIG_TRISTATE=include/config/tristate.conf KCONFIG_CONFIG=globalconfig.out KCONFIG_AUTOCONFIG=include/config/auto.conf KERNELVERSION=SVN MENUCONFIG_COLOR=blackbg INCLUDE_PPC32= INCLUDE_SPARC= fiasco_srcdir=/home/vagrant/fiasco_17_10/src/kernel/fiasco/src/.. silentoldconfig
make[2]: Entering directory `/home/vagrant/fiasco_17_10/src/kernel/fiasco/tool/kconfig'
make[3]: Entering directory `/home/vagrant/fiasco_17_10/src/kernel/fiasco/build'
scripts/kconfig/conf  --silentoldconfig Kconfig
make[3]: Leaving directory `/home/vagrant/fiasco_17_10/src/kernel/fiasco/build'
make[2]: Leaving directory `/home/vagrant/fiasco_17_10/src/kernel/fiasco/tool/kconfig'
make[1]: Leaving directory `/home/vagrant/fiasco_17_10/src/kernel/fiasco/build'

real	0m0.277s
user	0m0.072s
sys	0m0.028s
warning: CONFIG_KERNELVERSION differs between configs.  nonbool value is not set in kconfig
warning: CONFIG_PF_EXYNOS_PKG_IDS differs between configs.  nonbool value is not set in kconfig
warning: CONFIG_PF_EXYNOS_UART_NR differs between configs.  nonbool value is not set in kconfig
warning: CONFIG_MP_MAX_CPUS differs between configs.  nonbool value is not set in kconfig
warning: selectable bool CONFIG_INCLUDE_SPARC is not set by kconfig, because it is set by environment variable
warning: selectable bool CONFIG_INCLUDE_PPC32 is not set by kconfig, because it is set by environment variable
warning: CONFIG_MIPS_CPU_FREQUENCY differs between configs.  nonbool value is not set in kconfig
warning: CONFIG_WARN_LEVEL is being set to some value in kconfig output, but is not user-selectable anyway.
warning: CONFIG_XARCH is being set to some value in kconfig output, but is not user-selectable anyway.
warning: CONFIG_ABI is being set to some value in kconfig output, but is not user-selectable anyway.
0 errors
10 warnings
diff result: 0
configuring /vagrant/cases/fiasco_17_10/configs/3.config
make -C build oldconfig
make[1]: Entering directory `/home/vagrant/fiasco_17_10/src/kernel/fiasco/build'
make -C /home/vagrant/fiasco_17_10/src/kernel/fiasco/src/../tool/kconfig O=/home/vagrant/fiasco_17_10/src/kernel/fiasco/build Kconfig=Kconfig KCONFIG_AUTOHEADER=globalconfig.h KCONFIG_TRISTATE=include/config/tristate.conf KCONFIG_CONFIG=globalconfig.out KCONFIG_AUTOCONFIG=include/config/auto.conf KERNELVERSION=SVN MENUCONFIG_COLOR=blackbg INCLUDE_PPC32= INCLUDE_SPARC= fiasco_srcdir=/home/vagrant/fiasco_17_10/src/kernel/fiasco/src/.. oldconfig
make[2]: Entering directory `/home/vagrant/fiasco_17_10/src/kernel/fiasco/tool/kconfig'
make[3]: Entering directory `/home/vagrant/fiasco_17_10/src/kernel/fiasco/build'
scripts/kconfig/conf  --oldconfig Kconfig
#
# configuration written to globalconfig.out
#
make[3]: Leaving directory `/home/vagrant/fiasco_17_10/src/kernel/fiasco/build'
make[2]: Leaving directory `/home/vagrant/fiasco_17_10/src/kernel/fiasco/tool/kconfig'
make -C /home/vagrant/fiasco_17_10/src/kernel/fiasco/src/../tool/kconfig O=/home/vagrant/fiasco_17_10/src/kernel/fiasco/build Kconfig=Kconfig KCONFIG_AUTOHEADER=globalconfig.h KCONFIG_TRISTATE=include/config/tristate.conf KCONFIG_CONFIG=globalconfig.out KCONFIG_AUTOCONFIG=include/config/auto.conf KERNELVERSION=SVN MENUCONFIG_COLOR=blackbg INCLUDE_PPC32= INCLUDE_SPARC= fiasco_srcdir=/home/vagrant/fiasco_17_10/src/kernel/fiasco/src/.. silentoldconfig
make[2]: Entering directory `/home/vagrant/fiasco_17_10/src/kernel/fiasco/tool/kconfig'
make[3]: Entering directory `/home/vagrant/fiasco_17_10/src/kernel/fiasco/build'
scripts/kconfig/conf  --silentoldconfig Kconfig
make[3]: Leaving directory `/home/vagrant/fiasco_17_10/src/kernel/fiasco/build'
make[2]: Leaving directory `/home/vagrant/fiasco_17_10/src/kernel/fiasco/tool/kconfig'
make[1]: Leaving directory `/home/vagrant/fiasco_17_10/src/kernel/fiasco/build'

real	0m0.237s
user	0m0.044s
sys	0m0.032s
warning: CONFIG_KERNELVERSION differs between configs.  nonbool value is not set in kconfig
warning: CONFIG_PF_EXYNOS_PKG_IDS differs between configs.  nonbool value is not set in kconfig
warning: selectable bool CONFIG_INCLUDE_SPARC is not set by kconfig, because it is set by environment variable
warning: CONFIG_PF_EXYNOS_UART_NR differs between configs.  nonbool value is not set in kconfig
warning: CONFIG_MIPS_CPU_FREQUENCY differs between configs.  nonbool value is not set in kconfig
warning: CONFIG_XARCH is being set to some value in kconfig output, but is not user-selectable anyway.
warning: CONFIG_WARN_LEVEL is being set to some value in kconfig output, but is not user-selectable anyway.
warning: CONFIG_BSP_NAME is being set to some value in kconfig output, but is not user-selectable anyway.
warning: CONFIG_ABI is being set to some value in kconfig output, but is not user-selectable anyway.
0 errors
9 warnings
diff result: 0
configuring /vagrant/cases/fiasco_17_10/configs/4.config
make -C build oldconfig
make[1]: Entering directory `/home/vagrant/fiasco_17_10/src/kernel/fiasco/build'
make -C /home/vagrant/fiasco_17_10/src/kernel/fiasco/src/../tool/kconfig O=/home/vagrant/fiasco_17_10/src/kernel/fiasco/build Kconfig=Kconfig KCONFIG_AUTOHEADER=globalconfig.h KCONFIG_TRISTATE=include/config/tristate.conf KCONFIG_CONFIG=globalconfig.out KCONFIG_AUTOCONFIG=include/config/auto.conf KERNELVERSION=SVN MENUCONFIG_COLOR=blackbg INCLUDE_PPC32= INCLUDE_SPARC= fiasco_srcdir=/home/vagrant/fiasco_17_10/src/kernel/fiasco/src/.. oldconfig
make[2]: Entering directory `/home/vagrant/fiasco_17_10/src/kernel/fiasco/tool/kconfig'
make[3]: Entering directory `/home/vagrant/fiasco_17_10/src/kernel/fiasco/build'
scripts/kconfig/conf  --oldconfig Kconfig
#
# configuration written to globalconfig.out
#
make[3]: Leaving directory `/home/vagrant/fiasco_17_10/src/kernel/fiasco/build'
make[2]: Leaving directory `/home/vagrant/fiasco_17_10/src/kernel/fiasco/tool/kconfig'
make -C /home/vagrant/fiasco_17_10/src/kernel/fiasco/src/../tool/kconfig O=/home/vagrant/fiasco_17_10/src/kernel/fiasco/build Kconfig=Kconfig KCONFIG_AUTOHEADER=globalconfig.h KCONFIG_TRISTATE=include/config/tristate.conf KCONFIG_CONFIG=globalconfig.out KCONFIG_AUTOCONFIG=include/config/auto.conf KERNELVERSION=SVN MENUCONFIG_COLOR=blackbg INCLUDE_PPC32= INCLUDE_SPARC= fiasco_srcdir=/home/vagrant/fiasco_17_10/src/kernel/fiasco/src/.. silentoldconfig
make[2]: Entering directory `/home/vagrant/fiasco_17_10/src/kernel/fiasco/tool/kconfig'
make[3]: Entering directory `/home/vagrant/fiasco_17_10/src/kernel/fiasco/build'
scripts/kconfig/conf  --silentoldconfig Kconfig
make[3]: Leaving directory `/home/vagrant/fiasco_17_10/src/kernel/fiasco/build'
make[2]: Leaving directory `/home/vagrant/fiasco_17_10/src/kernel/fiasco/tool/kconfig'
make[1]: Leaving directory `/home/vagrant/fiasco_17_10/src/kernel/fiasco/build'

real	0m0.245s
user	0m0.040s
sys	0m0.036s
warning: CONFIG_KERNELVERSION differs between configs.  nonbool value is not set in kconfig
warning: CONFIG_PF_EXYNOS_PKG_IDS differs between configs.  nonbool value is not set in kconfig
warning: CONFIG_PF_EXYNOS_UART_NR differs between configs.  nonbool value is not set in kconfig
warning: CONFIG_MP_MAX_CPUS differs between configs.  nonbool value is not set in kconfig
warning: selectable bool CONFIG_INCLUDE_SPARC is not set by kconfig, because it is set by environment variable
warning: selectable bool CONFIG_INCLUDE_PPC32 is not set by kconfig, because it is set by environment variable
warning: CONFIG_MIPS_CPU_FREQUENCY differs between configs.  nonbool value is not set in kconfig
warning: CONFIG_WARN_LEVEL is being set to some value in kconfig output, but is not user-selectable anyway.
warning: CONFIG_XARCH is being set to some value in kconfig output, but is not user-selectable anyway.
warning: CONFIG_ABI is being set to some value in kconfig output, but is not user-selectable anyway.
0 errors
10 warnings
diff result: 0
configuring /vagrant/cases/fiasco_17_10/configs/5.config
make -C build oldconfig
make[1]: Entering directory `/home/vagrant/fiasco_17_10/src/kernel/fiasco/build'
make -C /home/vagrant/fiasco_17_10/src/kernel/fiasco/src/../tool/kconfig O=/home/vagrant/fiasco_17_10/src/kernel/fiasco/build Kconfig=Kconfig KCONFIG_AUTOHEADER=globalconfig.h KCONFIG_TRISTATE=include/config/tristate.conf KCONFIG_CONFIG=globalconfig.out KCONFIG_AUTOCONFIG=include/config/auto.conf KERNELVERSION=SVN MENUCONFIG_COLOR=blackbg INCLUDE_PPC32= INCLUDE_SPARC= fiasco_srcdir=/home/vagrant/fiasco_17_10/src/kernel/fiasco/src/.. oldconfig
make[2]: Entering directory `/home/vagrant/fiasco_17_10/src/kernel/fiasco/tool/kconfig'
make[3]: Entering directory `/home/vagrant/fiasco_17_10/src/kernel/fiasco/build'
scripts/kconfig/conf  --oldconfig Kconfig
#
# configuration written to globalconfig.out
#
make[3]: Leaving directory `/home/vagrant/fiasco_17_10/src/kernel/fiasco/build'
make[2]: Leaving directory `/home/vagrant/fiasco_17_10/src/kernel/fiasco/tool/kconfig'
make -C /home/vagrant/fiasco_17_10/src/kernel/fiasco/src/../tool/kconfig O=/home/vagrant/fiasco_17_10/src/kernel/fiasco/build Kconfig=Kconfig KCONFIG_AUTOHEADER=globalconfig.h KCONFIG_TRISTATE=include/config/tristate.conf KCONFIG_CONFIG=globalconfig.out KCONFIG_AUTOCONFIG=include/config/auto.conf KERNELVERSION=SVN MENUCONFIG_COLOR=blackbg INCLUDE_PPC32= INCLUDE_SPARC= fiasco_srcdir=/home/vagrant/fiasco_17_10/src/kernel/fiasco/src/.. silentoldconfig
make[2]: Entering directory `/home/vagrant/fiasco_17_10/src/kernel/fiasco/tool/kconfig'
make[3]: Entering directory `/home/vagrant/fiasco_17_10/src/kernel/fiasco/build'
scripts/kconfig/conf  --silentoldconfig Kconfig
make[3]: Leaving directory `/home/vagrant/fiasco_17_10/src/kernel/fiasco/build'
make[2]: Leaving directory `/home/vagrant/fiasco_17_10/src/kernel/fiasco/tool/kconfig'
make[1]: Leaving directory `/home/vagrant/fiasco_17_10/src/kernel/fiasco/build'

real	0m0.236s
user	0m0.040s
sys	0m0.032s
warning: CONFIG_KERNELVERSION differs between configs.  nonbool value is not set in kconfig
warning: CONFIG_PF_EXYNOS_PKG_IDS differs between configs.  nonbool value is not set in kconfig
warning: CONFIG_PF_EXYNOS_UART_NR differs between configs.  nonbool value is not set in kconfig
warning: CONFIG_MP_MAX_CPUS differs between configs.  nonbool value is not set in kconfig
warning: selectable bool CONFIG_INCLUDE_SPARC is not set by kconfig, because it is set by environment variable
warning: CONFIG_MIPS_CPU_FREQUENCY differs between configs.  nonbool value is not set in kconfig
warning: CONFIG_XARCH is being set to some value in kconfig output, but is not user-selectable anyway.
warning: CONFIG_PF_REALVIEW_RAM_PHYS_BASE is being set to some value in kconfig output, but is not user-selectable anyway.
warning: CONFIG_ABI is being set to some value in kconfig output, but is not user-selectable anyway.
warning: CONFIG_BSP_NAME is being set to some value in kconfig output, but is not user-selectable anyway.
warning: CONFIG_WARN_LEVEL is being set to some value in kconfig output, but is not user-selectable anyway.
0 errors
11 warnings
diff result: 0
configuring /vagrant/cases/fiasco_17_10/configs/6.config
make -C build oldconfig
make[1]: Entering directory `/home/vagrant/fiasco_17_10/src/kernel/fiasco/build'
make -C /home/vagrant/fiasco_17_10/src/kernel/fiasco/src/../tool/kconfig O=/home/vagrant/fiasco_17_10/src/kernel/fiasco/build Kconfig=Kconfig KCONFIG_AUTOHEADER=globalconfig.h KCONFIG_TRISTATE=include/config/tristate.conf KCONFIG_CONFIG=globalconfig.out KCONFIG_AUTOCONFIG=include/config/auto.conf KERNELVERSION=SVN MENUCONFIG_COLOR=blackbg INCLUDE_PPC32= INCLUDE_SPARC= fiasco_srcdir=/home/vagrant/fiasco_17_10/src/kernel/fiasco/src/.. oldconfig
make[2]: Entering directory `/home/vagrant/fiasco_17_10/src/kernel/fiasco/tool/kconfig'
make[3]: Entering directory `/home/vagrant/fiasco_17_10/src/kernel/fiasco/build'
scripts/kconfig/conf  --oldconfig Kconfig
*
* Restart config...
*
*
* Kernel options
*
Enable multi processor support (MP) [Y/n/?] y
  Maximal supported number of CPUs (MP_MAX_CPUS) [4] (NEW) 