  ... Making iscntrl.o
  ... Making isdigit.o
  ... Making isgraph.o
  ... Making islower.o
  ... Making isprint.o
  ... Making ispunct.o
  ... Making isspace.o
  ... Making isupper.o
  ... Making isxdigit.o
  ... Making strspn.o
  ... Making strcspn.o
  ... Making tolower.o
  ... Making raise.o
  ... Making aeabi.o
  ... Making setjmp.o
  ==> Archiving into libc.a
  ... Making glue_libc.o
  ==> Archiving into libgluedriverslibc.a
  ==> Linking fiasco.debug
ivt.o: In function `exception_vector':
/home/vagrant/fiasco_17_10/src/kernel/fiasco/src/kern/arm/64/ivt.S:182: undefined reference to `call_nested_trap_handler'
/home/vagrant/fiasco_17_10/src/kernel/fiasco/src/kern/arm/64/ivt.S:182:(.text.ivt+0x90): relocation truncated to fit: R_AARCH64_ADR_PREL_LO21 against undefined symbol `call_nested_trap_handler'
/home/vagrant/fiasco_17_10/src/kernel/fiasco/src/kern/arm/64/ivt.S:186: undefined reference to `call_nested_trap_handler'
/home/vagrant/fiasco_17_10/src/kernel/fiasco/src/kern/arm/64/ivt.S:186:(.text.ivt+0x110): relocation truncated to fit: R_AARCH64_ADR_PREL_LO21 against undefined symbol `call_nested_trap_handler'
/home/vagrant/fiasco_17_10/src/kernel/fiasco/src/kern/arm/64/ivt.S:190: undefined reference to `call_nested_trap_handler'
/home/vagrant/fiasco_17_10/src/kernel/fiasco/src/kern/arm/64/ivt.S:190:(.text.ivt+0x190): relocation truncated to fit: R_AARCH64_ADR_PREL_LO21 against undefined symbol `call_nested_trap_handler'
/home/vagrant/fiasco_17_10/src/kernel/fiasco/src/kern/arm/Makerules.KERNEL:34: recipe for target 'fiasco.debug' failed
make[2]: *** [fiasco.debug] Error 1
make[2]: Leaving directory '/home/vagrant/fiasco_17_10/src/kernel/fiasco/build'
/home/vagrant/fiasco_17_10/src/kernel/fiasco/src/Makefile:153: recipe for target 'all' failed
make[1]: *** [all] Error 2
make[1]: Leaving directory '/home/vagrant/fiasco_17_10/src/kernel/fiasco/build'
Makefile:72: recipe for target 'build' failed
make: *** [build] Error 2

return code 2
