Fri Oct 12 00:33:58 EDT 2018
processing axtlswrap/axtlswrap.c
cli_file
Checking axtlswrap.c ...
processing crypto/sha384.c
cli_file
Checking sha384.c ...
Checking sha384.c: CONFIG_BIGINT_BARRETT...
Checking sha384.c: CONFIG_BIGINT_CRT...
Checking sha384.c: CONFIG_BIGINT_MONTGOMERY...
Checking sha384.c: CONFIG_BIGINT_SQUARE...
Checking sha384.c: CONFIG_INTEGER_16BIT...
Checking sha384.c: CONFIG_INTEGER_8BIT...
Checking sha384.c: CONFIG_SSL_FULL_MODE...
Checking sha384.c: CONFIG_SSL_GENERATE_X509_CERT...
Checking sha384.c: WIN32...
processing crypto/sha1.c
cli_file
Checking sha1.c ...
Checking sha1.c: CONFIG_BIGINT_BARRETT...
Checking sha1.c: CONFIG_BIGINT_CRT...
Checking sha1.c: CONFIG_BIGINT_MONTGOMERY...
Checking sha1.c: CONFIG_BIGINT_SQUARE...
Checking sha1.c: CONFIG_INTEGER_16BIT...
Checking sha1.c: CONFIG_INTEGER_8BIT...
Checking sha1.c: CONFIG_SSL_FULL_MODE...
Checking sha1.c: CONFIG_SSL_GENERATE_X509_CERT...
Checking sha1.c: WIN32...
processing crypto/rsa.c
cli_file
Checking rsa.c ...
Checking rsa.c: CONFIG_BIGINT_BARRETT...
Checking rsa.c: CONFIG_BIGINT_CRT...
Checking rsa.c: CONFIG_BIGINT_MONTGOMERY...
Checking rsa.c: CONFIG_BIGINT_SQUARE...
Checking rsa.c: CONFIG_INTEGER_16BIT...
Checking rsa.c: CONFIG_INTEGER_8BIT...
Checking rsa.c: CONFIG_SSL_CERT_VERIFICATION...
Checking rsa.c: CONFIG_SSL_CERT_VERIFICATION;CONFIG_SSL_GENERATE_X509_CERT...
Checking rsa.c: CONFIG_SSL_FULL_MODE...
Checking rsa.c: CONFIG_SSL_GENERATE_X509_CERT...
Checking rsa.c: WIN32...
processing crypto/bigint.c
cli_file
Checking bigint.c ...
Checking bigint.c: CONFIG_BIGINT_BARRETT...
Checking bigint.c: CONFIG_BIGINT_BARRETT;CONFIG_BIGINT_KARATSUBA;CONFIG_BIGINT_MONTGOMERY...
Checking bigint.c: CONFIG_BIGINT_CHECK_ON...
Checking bigint.c: CONFIG_BIGINT_CRT...
Checking bigint.c: CONFIG_BIGINT_CRT;CONFIG_BIGINT_MONTGOMERY...
Checking bigint.c: CONFIG_BIGINT_KARATSUBA...
Checking bigint.c: CONFIG_BIGINT_KARATSUBA;CONFIG_BIGINT_SQUARE...
Checking bigint.c: CONFIG_BIGINT_MONTGOMERY...
Checking bigint.c: CONFIG_BIGINT_SLIDING_WINDOW...
Checking bigint.c: CONFIG_BIGINT_SQUARE...
Checking bigint.c: CONFIG_INTEGER_16BIT...
(information) Too many #ifdef configurations - cppcheck only checks 12 configurations. Use --force to check all configurations. For more details, use --enable=information.
processing crypto/rc4.c
cli_file
Checking rc4.c ...
Checking rc4.c: CONFIG_BIGINT_BARRETT...
Checking rc4.c: CONFIG_BIGINT_CRT...
Checking rc4.c: CONFIG_BIGINT_MONTGOMERY...
Checking rc4.c: CONFIG_BIGINT_SQUARE...
Checking rc4.c: CONFIG_INTEGER_16BIT...
Checking rc4.c: CONFIG_INTEGER_8BIT...
Checking rc4.c: CONFIG_SSL_FULL_MODE...
Checking rc4.c: CONFIG_SSL_GENERATE_X509_CERT...
Checking rc4.c: CONFIG_SSL_USE_PKCS12...
Checking rc4.c: WIN32...
processing crypto/sha512.c
cli_file
Checking sha512.c ...
Checking sha512.c: CONFIG_BIGINT_BARRETT...
Checking sha512.c: CONFIG_BIGINT_CRT...
Checking sha512.c: CONFIG_BIGINT_MONTGOMERY...
Checking sha512.c: CONFIG_BIGINT_SQUARE...
Checking sha512.c: CONFIG_INTEGER_16BIT...
Checking sha512.c: CONFIG_INTEGER_8BIT...
Checking sha512.c: CONFIG_SSL_FULL_MODE...
Checking sha512.c: CONFIG_SSL_GENERATE_X509_CERT...
Checking sha512.c: WIN32...
processing crypto/crypto_misc.c
cli_file
Checking crypto_misc.c ...
Checking crypto_misc.c: CONFIG_DEBUG;CONFIG_SSL_FULL_MODE...
Checking crypto_misc.c: CONFIG_HTTP_HAS_AUTHORIZATION;CONFIG_SSL_HAS_PEM...
Checking crypto_misc.c: CONFIG_HTTP_HAS_AUTHORIZATION;CONFIG_SSL_HAS_PEM;CONFIG_SSL_FULL_MODE...
Checking crypto_misc.c: CONFIG_SSL_FULL_MODE...
Checking crypto_misc.c: CONFIG_WIN32_USE_CRYPTO_LIB...
Checking crypto_misc.c: CONFIG_WIN32_USE_CRYPTO_LIB;WIN32...
Checking crypto_misc.c: WIN32...
processing crypto/sha256.c
cli_file
Checking sha256.c ...
Checking sha256.c: CONFIG_BIGINT_BARRETT...
Checking sha256.c: CONFIG_BIGINT_CRT...
Checking sha256.c: CONFIG_BIGINT_MONTGOMERY...
Checking sha256.c: CONFIG_BIGINT_SQUARE...
Checking sha256.c: CONFIG_INTEGER_16BIT...
Checking sha256.c: CONFIG_INTEGER_8BIT...
Checking sha256.c: CONFIG_SSL_FULL_MODE...
Checking sha256.c: CONFIG_SSL_GENERATE_X509_CERT...
Checking sha256.c: WIN32...
processing crypto/md5.c
cli_file
Checking md5.c ...
Checking md5.c: CONFIG_BIGINT_BARRETT...
Checking md5.c: CONFIG_BIGINT_CRT...
Checking md5.c: CONFIG_BIGINT_MONTGOMERY...
Checking md5.c: CONFIG_BIGINT_SQUARE...
Checking md5.c: CONFIG_INTEGER_16BIT...
Checking md5.c: CONFIG_INTEGER_8BIT...
Checking md5.c: CONFIG_SSL_FULL_MODE...
Checking md5.c: CONFIG_SSL_GENERATE_X509_CERT...
Checking md5.c: WIN32...
processing crypto/aes.c
cli_file
Checking aes.c ...
Checking aes.c: CONFIG_BIGINT_BARRETT...
Checking aes.c: CONFIG_BIGINT_CRT...
Checking aes.c: CONFIG_BIGINT_MONTGOMERY...
Checking aes.c: CONFIG_BIGINT_SQUARE...
Checking aes.c: CONFIG_INTEGER_16BIT...
Checking aes.c: CONFIG_INTEGER_8BIT...
Checking aes.c: CONFIG_SSL_FULL_MODE...
Checking aes.c: CONFIG_SSL_GENERATE_X509_CERT...
Checking aes.c: WIN32...
processing crypto/hmac.c
cli_file
Checking hmac.c ...
Checking hmac.c: CONFIG_BIGINT_BARRETT...
Checking hmac.c: CONFIG_BIGINT_CRT...
Checking hmac.c: CONFIG_BIGINT_MONTGOMERY...
Checking hmac.c: CONFIG_BIGINT_SQUARE...
Checking hmac.c: CONFIG_INTEGER_16BIT...
Checking hmac.c: CONFIG_INTEGER_8BIT...
Checking hmac.c: CONFIG_SSL_FULL_MODE...
Checking hmac.c: CONFIG_SSL_GENERATE_X509_CERT...
Checking hmac.c: WIN32...
processing httpd/proc.c
cli_file
Checking proc.c ...
Checking proc.c: AXDEBUG...
Checking proc.c: CONFIG_HTTP_DIRECTORIES...
Checking proc.c: CONFIG_HTTP_DIRECTORIES;WIN32...
Checking proc.c: CONFIG_HTTP_HAS_AUTHORIZATION...
Checking proc.c: CONFIG_HTTP_HAS_AUTHORIZATION;CONFIG_HTTP_HAS_CGI...
Checking proc.c: CONFIG_HTTP_HAS_AUTHORIZATION;CONFIG_HTTP_VERBOSE...
Checking proc.c: CONFIG_HTTP_HAS_CGI...
Checking proc.c: CONFIG_HTTP_HAS_CGI;CONFIG_HTTP_VERBOSE...
Checking proc.c: CONFIG_HTTP_HAS_CGI;WIN32...
Checking proc.c: CONFIG_HTTP_HAS_IPV6...
Checking proc.c: CONFIG_HTTP_VERBOSE...
(information) Too many #ifdef configurations - cppcheck only checks 12 configurations. Use --force to check all configurations. For more details, use --enable=information.
processing httpd/axhttpd.c
cli_file
Checking axhttpd.c ...
Checking axhttpd.c: CONFIG_HTTP_DIRECTORIES...
Checking axhttpd.c: CONFIG_HTTP_DIRECTORIES;WIN32...
Checking axhttpd.c: CONFIG_HTTP_ENABLE_DIFFERENT_USER...
Checking axhttpd.c: CONFIG_HTTP_ENABLE_DIFFERENT_USER;CONFIG_HTTP_VERBOSE...
Checking axhttpd.c: CONFIG_HTTP_HAS_AUTHORIZATION...
Checking axhttpd.c: CONFIG_HTTP_HAS_CGI...
Checking axhttpd.c: CONFIG_HTTP_HAS_CGI;CONFIG_HTTP_VERBOSE...
Checking axhttpd.c: CONFIG_HTTP_HAS_DIRECTORIES...
Checking axhttpd.c: CONFIG_HTTP_HAS_DIRECTORIES;WIN32...
Checking axhttpd.c: CONFIG_HTTP_HAS_IPV6...
Checking axhttpd.c: CONFIG_HTTP_IS_DAEMON...
(information) Too many #ifdef configurations - cppcheck only checks 12 configurations. Use --force to check all configurations. For more details, use --enable=information.
processing httpd/htpasswd.c
cli_file
Checking htpasswd.c ...
Checking htpasswd.c: WIN32...
processing httpd/tdate_parse.c
cli_file
Checking tdate_parse.c ...
Checking tdate_parse.c: CONFIG_HTTP_DIRECTORIES...
Checking tdate_parse.c: CONFIG_HTTP_DIRECTORIES;WIN32...
Checking tdate_parse.c: CONFIG_HTTP_HAS_AUTHORIZATION...
Checking tdate_parse.c: CONFIG_HTTP_HAS_CGI...
Checking tdate_parse.c: CONFIG_HTTP_HAS_IPV6...
processing samples/c/axssl.c
cli_file
Checking axssl.c ...
Checking axssl.c: CONFIG_SSL_CERT_VERIFICATION...
Checking axssl.c: CONFIG_SSL_ENABLE_CLIENT...
Checking axssl.c: CONFIG_SSL_ENABLE_CLIENT;CONFIG_SSL_FULL_MODE...
Checking axssl.c: CONFIG_SSL_FULL_MODE...
Checking axssl.c: WIN32...
processing ssl/tls1_clnt.c
cli_file
Checking tls1_clnt.c ...
Checking tls1_clnt.c: CONFIG_DEBUG;CONFIG_SSL_FULL_MODE;WIN32...
Checking tls1_clnt.c: CONFIG_OPENSSL_COMPATIBLE...
Checking tls1_clnt.c: CONFIG_PLATFORM_LINUX...
Checking tls1_clnt.c: CONFIG_SSL_CERT_VERIFICATION...
Checking tls1_clnt.c: CONFIG_SSL_CTX_MUTEXING...
Checking tls1_clnt.c: CONFIG_SSL_ENABLE_CLIENT...
Checking tls1_clnt.c: CONFIG_SSL_FULL_MODE...
Checking tls1_clnt.c: CONFIG_SSL_GENERATE_X509_CERT...
Checking tls1_clnt.c: WIN32...
Checking tls1_clnt.c: _WIN32_WCE...
processing ssl/openssl.c
cli_file
Checking openssl.c ...
Checking openssl.c: CONFIG_DEBUG;CONFIG_SSL_FULL_MODE;WIN32...
Checking openssl.c: CONFIG_OPENSSL_COMPATIBLE...
Checking openssl.c: CONFIG_OPENSSL_COMPATIBLE;CONFIG_SSL_ENABLE_CLIENT...
Checking openssl.c: CONFIG_PLATFORM_LINUX...
Checking openssl.c: CONFIG_SSL_CERT_VERIFICATION...
Checking openssl.c: CONFIG_SSL_CTX_MUTEXING...
Checking openssl.c: CONFIG_SSL_ENABLE_CLIENT...
Checking openssl.c: CONFIG_SSL_FULL_MODE...
Checking openssl.c: CONFIG_SSL_GENERATE_X509_CERT...
Checking openssl.c: WIN32...
Checking openssl.c: _WIN32_WCE...
processing ssl/test/perf_bigint.c
cli_file
Checking perf_bigint.c ...
Checking perf_bigint.c: CONFIG_SSL_CERT_VERIFICATION...
processing ssl/test/ssltest.c
cli_file
Checking ssltest.c ...
Checking ssltest.c: CONFIG_SSL_GENERATE_X509_CERT...
Checking ssltest.c: WIN32...
processing ssl/loader.c
cli_file
Checking loader.c ...
Checking loader.c: CONFIG_DEBUG;CONFIG_SSL_FULL_MODE;WIN32...
Checking loader.c: CONFIG_OPENSSL_COMPATIBLE...
Checking loader.c: CONFIG_PLATFORM_LINUX...
Checking loader.c: CONFIG_SSL_CERT_VERIFICATION...
Checking loader.c: CONFIG_SSL_CTX_MUTEXING...
Checking loader.c: CONFIG_SSL_ENABLE_CLIENT...
Checking loader.c: CONFIG_SSL_FULL_MODE...
Checking loader.c: CONFIG_SSL_FULL_MODE;CONFIG_SSL_HAS_PEM...
Checking loader.c: CONFIG_SSL_FULL_MODE;CONFIG_SSL_SKELETON_MODE...
Checking loader.c: CONFIG_SSL_GENERATE_X509_CERT...
Checking loader.c: CONFIG_SSL_HAS_PEM...
(information) Too many #ifdef configurations - cppcheck only checks 12 configurations. Use --force to check all configurations. For more details, use --enable=information.
processing ssl/p12.c
cli_file
Checking p12.c ...
Checking p12.c: CONFIG_DEBUG;CONFIG_SSL_FULL_MODE;WIN32...
Checking p12.c: CONFIG_OPENSSL_COMPATIBLE...
Checking p12.c: CONFIG_PLATFORM_LINUX...
Checking p12.c: CONFIG_SSL_CERT_VERIFICATION...
Checking p12.c: CONFIG_SSL_CTX_MUTEXING...
Checking p12.c: CONFIG_SSL_ENABLE_CLIENT...
Checking p12.c: CONFIG_SSL_FULL_MODE...
Checking p12.c: CONFIG_SSL_FULL_MODE;CONFIG_SSL_USE_PKCS12...
Checking p12.c: CONFIG_SSL_GENERATE_X509_CERT...
Checking p12.c: CONFIG_SSL_USE_PKCS12...
Checking p12.c: WIN32...
(information) Too many #ifdef configurations - cppcheck only checks 12 configurations. Use --force to check all configurations. For more details, use --enable=information.
processing ssl/asn1.c
cli_file
Checking asn1.c ...
Checking asn1.c: CONFIG_BIGINT_CRT...
Checking asn1.c: CONFIG_DEBUG;CONFIG_SSL_FULL_MODE;WIN32...
Checking asn1.c: CONFIG_PLATFORM_LINUX...
Checking asn1.c: CONFIG_SSL_CERT_VERIFICATION...
Checking asn1.c: CONFIG_SSL_CTX_MUTEXING...
Checking asn1.c: CONFIG_SSL_FULL_MODE...
Checking asn1.c: WIN32...
Checking asn1.c: _WIN32_WCE...
processing ssl/gen_cert.c
cli_file
Checking gen_cert.c ...
Checking gen_cert.c: CONFIG_DEBUG;CONFIG_SSL_FULL_MODE;WIN32...
Checking gen_cert.c: CONFIG_OPENSSL_COMPATIBLE...
Checking gen_cert.c: CONFIG_PLATFORM_LINUX...
Checking gen_cert.c: CONFIG_SSL_CERT_VERIFICATION...
Checking gen_cert.c: CONFIG_SSL_CTX_MUTEXING...
Checking gen_cert.c: CONFIG_SSL_ENABLE_CLIENT...
Checking gen_cert.c: CONFIG_SSL_FULL_MODE...
Checking gen_cert.c: CONFIG_SSL_GENERATE_X509_CERT...
Checking gen_cert.c: WIN32...
Checking gen_cert.c: _WIN32_WCE...
processing ssl/tls1.c
cli_file
Checking tls1.c ...
Checking tls1.c: CONFIG_BINDINGS...
Checking tls1.c: CONFIG_DEBUG;CONFIG_SSL_FULL_MODE;WIN32...
Checking tls1.c: CONFIG_ENABLE_VERIFICATION...
Checking tls1.c: CONFIG_OPENSSL_COMPATIBLE...
Checking tls1.c: CONFIG_PLATFORM_LINUX...
Checking tls1.c: CONFIG_SSL_CERT_VERIFICATION...
Checking tls1.c: CONFIG_SSL_CERT_VERIFICATION;CONFIG_SSL_FULL_MODE...
Checking tls1.c: CONFIG_SSL_CTX_MUTEXING...
Checking tls1.c: CONFIG_SSL_ENABLE_CLIENT...
Checking tls1.c: CONFIG_SSL_FULL_MODE...
Checking tls1.c: CONFIG_SSL_GENERATE_X509_CERT...
(information) Too many #ifdef configurations - cppcheck only checks 12 configurations. Use --force to check all configurations. For more details, use --enable=information.
processing ssl/tls1_svr.c
cli_file
Checking tls1_svr.c ...
Checking tls1_svr.c: CONFIG_DEBUG;CONFIG_SSL_FULL_MODE;WIN32...
Checking tls1_svr.c: CONFIG_OPENSSL_COMPATIBLE...
Checking tls1_svr.c: CONFIG_PLATFORM_LINUX...
Checking tls1_svr.c: CONFIG_SSL_CERT_VERIFICATION...
Checking tls1_svr.c: CONFIG_SSL_CTX_MUTEXING...
Checking tls1_svr.c: CONFIG_SSL_ENABLE_CLIENT...
Checking tls1_svr.c: CONFIG_SSL_FULL_MODE...
Checking tls1_svr.c: CONFIG_SSL_GENERATE_X509_CERT...
Checking tls1_svr.c: CONFIG_SSL_SKELETON_MODE...
Checking tls1_svr.c: WIN32...
Checking tls1_svr.c: _WIN32_WCE...
processing ssl/x509.c
cli_file
Checking x509.c ...
Checking x509.c: CONFIG_DEBUG;CONFIG_SSL_FULL_MODE;WIN32...
Checking x509.c: CONFIG_PLATFORM_LINUX...
Checking x509.c: CONFIG_SSL_CERT_VERIFICATION...
Checking x509.c: CONFIG_SSL_CTX_MUTEXING...
Checking x509.c: CONFIG_SSL_FULL_MODE...
Checking x509.c: WIN32...
Checking x509.c: _WIN32_WCE...
processing ssl/os_port.c
cli_file
Checking os_port.c ...
Checking os_port.c: CONFIG_PLATFORM_LINUX...
Checking os_port.c: CONFIG_SSL_CTX_MUTEXING...
Checking os_port.c: WIN32...
Checking os_port.c: WIN32;_WIN32_WCE...
Checking os_port.c: _WIN32_WCE...
Fri Oct 12 00:34:07 EDT 2018
