Fri Oct 12 00:33:37 EDT 2018
processing axtlswrap/axtlswrap.c
cli_file ./535.config/axtlswrap.c.cli
Checking axtlswrap.c ...
Checking axtlswrap.c: CONFIG_BIGINT_BARRETT...
Checking axtlswrap.c: CONFIG_BIGINT_CRT...
Checking axtlswrap.c: CONFIG_BIGINT_MONTGOMERY...
Checking axtlswrap.c: CONFIG_BIGINT_SQUARE...
Checking axtlswrap.c: CONFIG_DEBUG;CONFIG_SSL_FULL_MODE;WIN32...
Checking axtlswrap.c: CONFIG_INTEGER_16BIT...
Checking axtlswrap.c: CONFIG_INTEGER_8BIT...
Checking axtlswrap.c: CONFIG_OPENSSL_COMPATIBLE...
Checking axtlswrap.c: CONFIG_PLATFORM_LINUX...
Checking axtlswrap.c: CONFIG_PLATFORM_SOLARIS...
Checking axtlswrap.c: CONFIG_SSL_CTX_MUTEXING...
Checking axtlswrap.c: CONFIG_SSL_FULL_MODE...
Checking axtlswrap.c: CONFIG_SSL_GENERATE_X509_CERT...
Checking axtlswrap.c: WIN32...
Checking axtlswrap.c: _WIN32_WCE...
processing crypto/sha384.c
cli_file ./368.config/sha384.c.cli
Checking sha384.c ...
Checking sha384.c: CONFIG_BIGINT_BARRETT...
Checking sha384.c: CONFIG_BIGINT_CRT...
Checking sha384.c: CONFIG_BIGINT_MONTGOMERY...
Checking sha384.c: CONFIG_BIGINT_SQUARE...
Checking sha384.c: CONFIG_INTEGER_16BIT...
Checking sha384.c: CONFIG_INTEGER_8BIT...
Checking sha384.c: CONFIG_PLATFORM_LINUX...
Checking sha384.c: CONFIG_PLATFORM_SOLARIS...
Checking sha384.c: CONFIG_SSL_CTX_MUTEXING...
Checking sha384.c: CONFIG_SSL_FULL_MODE...
Checking sha384.c: CONFIG_SSL_GENERATE_X509_CERT...
Checking sha384.c: WIN32...
Checking sha384.c: _WIN32_WCE...
processing crypto/sha1.c
cli_file ./368.config/sha1.c.cli
Checking sha1.c ...
Checking sha1.c: CONFIG_BIGINT_BARRETT...
Checking sha1.c: CONFIG_BIGINT_CRT...
Checking sha1.c: CONFIG_BIGINT_MONTGOMERY...
Checking sha1.c: CONFIG_BIGINT_SQUARE...
Checking sha1.c: CONFIG_INTEGER_16BIT...
Checking sha1.c: CONFIG_INTEGER_8BIT...
Checking sha1.c: CONFIG_PLATFORM_LINUX...
Checking sha1.c: CONFIG_PLATFORM_SOLARIS...
Checking sha1.c: CONFIG_SSL_CTX_MUTEXING...
Checking sha1.c: CONFIG_SSL_FULL_MODE...
Checking sha1.c: CONFIG_SSL_GENERATE_X509_CERT...
Checking sha1.c: WIN32...
Checking sha1.c: _WIN32_WCE...
processing crypto/rsa.c
cli_file ./368.config/rsa.c.cli
Checking rsa.c ...
Checking rsa.c: CONFIG_BIGINT_BARRETT...
Checking rsa.c: CONFIG_BIGINT_CRT...
Checking rsa.c: CONFIG_BIGINT_MONTGOMERY...
Checking rsa.c: CONFIG_BIGINT_SQUARE...
Checking rsa.c: CONFIG_INTEGER_16BIT...
Checking rsa.c: CONFIG_INTEGER_8BIT...
Checking rsa.c: CONFIG_PLATFORM_LINUX...
Checking rsa.c: CONFIG_PLATFORM_SOLARIS...
Checking rsa.c: CONFIG_SSL_CERT_VERIFICATION...
Checking rsa.c: CONFIG_SSL_CERT_VERIFICATION;CONFIG_SSL_GENERATE_X509_CERT...
Checking rsa.c: CONFIG_SSL_CTX_MUTEXING...
Checking rsa.c: CONFIG_SSL_FULL_MODE...
Checking rsa.c: CONFIG_SSL_GENERATE_X509_CERT...
Checking rsa.c: WIN32...
Checking rsa.c: _WIN32_WCE...
processing crypto/bigint.c
cli_file ./368.config/bigint.c.cli
Checking bigint.c ...
Checking bigint.c: CONFIG_BIGINT_BARRETT...
Checking bigint.c: CONFIG_BIGINT_BARRETT;CONFIG_BIGINT_KARATSUBA;CONFIG_BIGINT_MONTGOMERY...
Checking bigint.c: CONFIG_BIGINT_CHECK_ON...
Checking bigint.c: CONFIG_BIGINT_CRT...
Checking bigint.c: CONFIG_BIGINT_CRT;CONFIG_BIGINT_MONTGOMERY...
Checking bigint.c: CONFIG_BIGINT_KARATSUBA...
Checking bigint.c: CONFIG_BIGINT_KARATSUBA;CONFIG_BIGINT_SQUARE...
Checking bigint.c: CONFIG_BIGINT_MONTGOMERY...
Checking bigint.c: CONFIG_BIGINT_SLIDING_WINDOW...
Checking bigint.c: CONFIG_BIGINT_SQUARE...
Checking bigint.c: CONFIG_INTEGER_16BIT...
Checking bigint.c: CONFIG_INTEGER_8BIT...
Checking bigint.c: CONFIG_PLATFORM_LINUX...
Checking bigint.c: CONFIG_PLATFORM_SOLARIS...
Checking bigint.c: CONFIG_SSL_CERT_VERIFICATION...
Checking bigint.c: CONFIG_SSL_CTX_MUTEXING...
Checking bigint.c: CONFIG_SSL_FULL_MODE...
Checking bigint.c: CONFIG_SSL_GENERATE_X509_CERT...
Checking bigint.c: WIN32...
Checking bigint.c: _WIN32_WCE...
processing crypto/rc4.c
cli_file ./368.config/rc4.c.cli
Checking rc4.c ...
Checking rc4.c: CONFIG_BIGINT_BARRETT...
Checking rc4.c: CONFIG_BIGINT_CRT...
Checking rc4.c: CONFIG_BIGINT_MONTGOMERY...
Checking rc4.c: CONFIG_BIGINT_SQUARE...
Checking rc4.c: CONFIG_INTEGER_16BIT...
Checking rc4.c: CONFIG_INTEGER_8BIT...
Checking rc4.c: CONFIG_PLATFORM_LINUX...
Checking rc4.c: CONFIG_PLATFORM_SOLARIS...
Checking rc4.c: CONFIG_SSL_CTX_MUTEXING...
Checking rc4.c: CONFIG_SSL_FULL_MODE...
Checking rc4.c: CONFIG_SSL_GENERATE_X509_CERT...
Checking rc4.c: CONFIG_SSL_USE_PKCS12...
Checking rc4.c: WIN32...
Checking rc4.c: _WIN32_WCE...
processing crypto/sha512.c
cli_file ./368.config/sha512.c.cli
Checking sha512.c ...
Checking sha512.c: CONFIG_BIGINT_BARRETT...
Checking sha512.c: CONFIG_BIGINT_CRT...
Checking sha512.c: CONFIG_BIGINT_MONTGOMERY...
Checking sha512.c: CONFIG_BIGINT_SQUARE...
Checking sha512.c: CONFIG_INTEGER_16BIT...
Checking sha512.c: CONFIG_INTEGER_8BIT...
Checking sha512.c: CONFIG_PLATFORM_LINUX...
Checking sha512.c: CONFIG_PLATFORM_SOLARIS...
Checking sha512.c: CONFIG_SSL_CTX_MUTEXING...
Checking sha512.c: CONFIG_SSL_FULL_MODE...
Checking sha512.c: CONFIG_SSL_GENERATE_X509_CERT...
Checking sha512.c: WIN32...
Checking sha512.c: _WIN32_WCE...
processing crypto/crypto_misc.c
cli_file ./368.config/crypto_misc.c.cli
Checking crypto_misc.c ...
[crypto_misc.c:126]: (error) Uninitialized variable: i
Checking crypto_misc.c: CONFIG_BIGINT_BARRETT...
Checking crypto_misc.c: CONFIG_BIGINT_CRT...
Checking crypto_misc.c: CONFIG_BIGINT_MONTGOMERY...
Checking crypto_misc.c: CONFIG_BIGINT_SQUARE...
Checking crypto_misc.c: CONFIG_DEBUG;CONFIG_SSL_FULL_MODE...
Checking crypto_misc.c: CONFIG_DEBUG;CONFIG_SSL_FULL_MODE;WIN32...
Checking crypto_misc.c: CONFIG_HTTP_HAS_AUTHORIZATION;CONFIG_SSL_HAS_PEM...
Checking crypto_misc.c: CONFIG_HTTP_HAS_AUTHORIZATION;CONFIG_SSL_HAS_PEM;CONFIG_SSL_FULL_MODE...
Checking crypto_misc.c: CONFIG_INTEGER_16BIT...
Checking crypto_misc.c: CONFIG_INTEGER_8BIT...
Checking crypto_misc.c: CONFIG_PLATFORM_LINUX...
Checking crypto_misc.c: CONFIG_PLATFORM_SOLARIS...
Checking crypto_misc.c: CONFIG_SSL_CTX_MUTEXING...
Checking crypto_misc.c: CONFIG_SSL_FULL_MODE...
Checking crypto_misc.c: CONFIG_SSL_GENERATE_X509_CERT...
Checking crypto_misc.c: CONFIG_WIN32_USE_CRYPTO_LIB...
Checking crypto_misc.c: CONFIG_WIN32_USE_CRYPTO_LIB;WIN32...
Checking crypto_misc.c: WIN32...
Checking crypto_misc.c: _WIN32_WCE...
processing crypto/sha256.c
cli_file ./368.config/sha256.c.cli
Checking sha256.c ...
Checking sha256.c: CONFIG_BIGINT_BARRETT...
Checking sha256.c: CONFIG_BIGINT_CRT...
Checking sha256.c: CONFIG_BIGINT_MONTGOMERY...
Checking sha256.c: CONFIG_BIGINT_SQUARE...
Checking sha256.c: CONFIG_INTEGER_16BIT...
Checking sha256.c: CONFIG_INTEGER_8BIT...
Checking sha256.c: CONFIG_PLATFORM_LINUX...
Checking sha256.c: CONFIG_PLATFORM_SOLARIS...
Checking sha256.c: CONFIG_SSL_CTX_MUTEXING...
Checking sha256.c: CONFIG_SSL_FULL_MODE...
Checking sha256.c: CONFIG_SSL_GENERATE_X509_CERT...
Checking sha256.c: WIN32...
Checking sha256.c: _WIN32_WCE...
processing crypto/md5.c
cli_file ./368.config/md5.c.cli
Checking md5.c ...
Checking md5.c: CONFIG_BIGINT_BARRETT...
Checking md5.c: CONFIG_BIGINT_CRT...
Checking md5.c: CONFIG_BIGINT_MONTGOMERY...
Checking md5.c: CONFIG_BIGINT_SQUARE...
Checking md5.c: CONFIG_INTEGER_16BIT...
Checking md5.c: CONFIG_INTEGER_8BIT...
Checking md5.c: CONFIG_PLATFORM_LINUX...
Checking md5.c: CONFIG_PLATFORM_SOLARIS...
Checking md5.c: CONFIG_SSL_CTX_MUTEXING...
Checking md5.c: CONFIG_SSL_FULL_MODE...
Checking md5.c: CONFIG_SSL_GENERATE_X509_CERT...
Checking md5.c: WIN32...
Checking md5.c: _WIN32_WCE...
processing crypto/aes.c
cli_file ./368.config/aes.c.cli
Checking aes.c ...
Checking aes.c: CONFIG_BIGINT_BARRETT...
Checking aes.c: CONFIG_BIGINT_CRT...
Checking aes.c: CONFIG_BIGINT_MONTGOMERY...
Checking aes.c: CONFIG_BIGINT_SQUARE...
Checking aes.c: CONFIG_INTEGER_16BIT...
Checking aes.c: CONFIG_INTEGER_8BIT...
Checking aes.c: CONFIG_PLATFORM_LINUX...
Checking aes.c: CONFIG_PLATFORM_SOLARIS...
Checking aes.c: CONFIG_SSL_CTX_MUTEXING...
Checking aes.c: CONFIG_SSL_FULL_MODE...
Checking aes.c: CONFIG_SSL_GENERATE_X509_CERT...
Checking aes.c: WIN32...
Checking aes.c: _WIN32_WCE...
processing crypto/hmac.c
cli_file ./368.config/hmac.c.cli
Checking hmac.c ...
Checking hmac.c: CONFIG_BIGINT_BARRETT...
Checking hmac.c: CONFIG_BIGINT_CRT...
Checking hmac.c: CONFIG_BIGINT_MONTGOMERY...
Checking hmac.c: CONFIG_BIGINT_SQUARE...
Checking hmac.c: CONFIG_INTEGER_16BIT...
Checking hmac.c: CONFIG_INTEGER_8BIT...
Checking hmac.c: CONFIG_PLATFORM_LINUX...
Checking hmac.c: CONFIG_PLATFORM_SOLARIS...
Checking hmac.c: CONFIG_SSL_CTX_MUTEXING...
Checking hmac.c: CONFIG_SSL_FULL_MODE...
Checking hmac.c: CONFIG_SSL_GENERATE_X509_CERT...
Checking hmac.c: WIN32...
Checking hmac.c: _WIN32_WCE...
processing httpd/proc.c
cli_file ./368.config/proc.c.cli
Checking proc.c ...
Checking proc.c: AXDEBUG...
Checking proc.c: CONFIG_BIGINT_BARRETT...
Checking proc.c: CONFIG_BIGINT_CRT...
Checking proc.c: CONFIG_BIGINT_MONTGOMERY...
Checking proc.c: CONFIG_BIGINT_SQUARE...
Checking proc.c: CONFIG_DEBUG;CONFIG_SSL_FULL_MODE;WIN32...
Checking proc.c: CONFIG_HTTP_DIRECTORIES...
Checking proc.c: CONFIG_HTTP_DIRECTORIES;WIN32...
Checking proc.c: CONFIG_HTTP_HAS_AUTHORIZATION...
Checking proc.c: CONFIG_HTTP_HAS_AUTHORIZATION;CONFIG_HTTP_HAS_CGI...
Checking proc.c: CONFIG_HTTP_HAS_AUTHORIZATION;CONFIG_HTTP_VERBOSE...
Checking proc.c: CONFIG_HTTP_HAS_CGI...
Checking proc.c: CONFIG_HTTP_HAS_CGI;CONFIG_HTTP_VERBOSE...
Checking proc.c: CONFIG_HTTP_HAS_CGI;WIN32...
Checking proc.c: CONFIG_HTTP_HAS_IPV6...
Checking proc.c: CONFIG_HTTP_VERBOSE...
Checking proc.c: CONFIG_INTEGER_16BIT...
Checking proc.c: CONFIG_INTEGER_8BIT...
Checking proc.c: CONFIG_OPENSSL_COMPATIBLE...
Checking proc.c: CONFIG_PLATFORM_CYGWIN;WIN32...
Checking proc.c: CONFIG_PLATFORM_LINUX...
Checking proc.c: CONFIG_PLATFORM_SOLARIS...
Checking proc.c: CONFIG_SSL_CTX_MUTEXING...
Checking proc.c: CONFIG_SSL_FULL_MODE...
Checking proc.c: CONFIG_SSL_GENERATE_X509_CERT...
Checking proc.c: WIN32...
Checking proc.c: _WIN32_WCE...
processing httpd/axhttpd.c
cli_file ./368.config/axhttpd.c.cli
Checking axhttpd.c ...
Checking axhttpd.c: CONFIG_BIGINT_BARRETT...
Checking axhttpd.c: CONFIG_BIGINT_CRT...
Checking axhttpd.c: CONFIG_BIGINT_MONTGOMERY...
Checking axhttpd.c: CONFIG_BIGINT_SQUARE...
Checking axhttpd.c: CONFIG_DEBUG;CONFIG_SSL_FULL_MODE;WIN32...
Checking axhttpd.c: CONFIG_HTTP_DIRECTORIES...
Checking axhttpd.c: CONFIG_HTTP_ENABLE_DIFFERENT_USER...
Checking axhttpd.c: CONFIG_HTTP_ENABLE_DIFFERENT_USER;CONFIG_HTTP_VERBOSE...
Checking axhttpd.c: CONFIG_HTTP_HAS_AUTHORIZATION...
Checking axhttpd.c: CONFIG_HTTP_HAS_CGI...
Checking axhttpd.c: CONFIG_HTTP_HAS_CGI;CONFIG_HTTP_VERBOSE...
Checking axhttpd.c: CONFIG_HTTP_HAS_DIRECTORIES...
Checking axhttpd.c: CONFIG_HTTP_HAS_DIRECTORIES;WIN32...
Checking axhttpd.c: CONFIG_HTTP_HAS_IPV6...
Checking axhttpd.c: CONFIG_HTTP_IS_DAEMON...
Checking axhttpd.c: CONFIG_HTTP_VERBOSE...
Checking axhttpd.c: CONFIG_INTEGER_16BIT...
Checking axhttpd.c: CONFIG_INTEGER_8BIT...
Checking axhttpd.c: CONFIG_OPENSSL_COMPATIBLE...
Checking axhttpd.c: CONFIG_PLATFORM_LINUX...
Checking axhttpd.c: CONFIG_PLATFORM_SOLARIS...
Checking axhttpd.c: CONFIG_SSL_CTX_MUTEXING...
Checking axhttpd.c: CONFIG_SSL_FULL_MODE...
Checking axhttpd.c: CONFIG_SSL_GENERATE_X509_CERT...
Checking axhttpd.c: HAVE_IPV6...
Checking axhttpd.c: WIN32...
Checking axhttpd.c: _WIN32_WCE...
processing httpd/htpasswd.c
cli_file ./9.config/htpasswd.c.cli
Checking htpasswd.c ...
Checking htpasswd.c: CONFIG_BIGINT_BARRETT...
Checking htpasswd.c: CONFIG_BIGINT_CRT...
Checking htpasswd.c: CONFIG_BIGINT_MONTGOMERY...
Checking htpasswd.c: CONFIG_BIGINT_SQUARE...
Checking htpasswd.c: CONFIG_DEBUG;CONFIG_SSL_FULL_MODE;WIN32...
Checking htpasswd.c: CONFIG_INTEGER_16BIT...
Checking htpasswd.c: CONFIG_INTEGER_8BIT...
Checking htpasswd.c: CONFIG_OPENSSL_COMPATIBLE...
Checking htpasswd.c: CONFIG_PLATFORM_LINUX...
Checking htpasswd.c: CONFIG_PLATFORM_SOLARIS...
Checking htpasswd.c: CONFIG_SSL_CTX_MUTEXING...
Checking htpasswd.c: CONFIG_SSL_FULL_MODE...
Checking htpasswd.c: CONFIG_SSL_GENERATE_X509_CERT...
Checking htpasswd.c: WIN32...
Checking htpasswd.c: _WIN32_WCE...
processing httpd/tdate_parse.c
cli_file ./368.config/tdate_parse.c.cli
Checking tdate_parse.c ...
Checking tdate_parse.c: CONFIG_BIGINT_BARRETT...
Checking tdate_parse.c: CONFIG_BIGINT_CRT...
Checking tdate_parse.c: CONFIG_BIGINT_MONTGOMERY...
Checking tdate_parse.c: CONFIG_BIGINT_SQUARE...
Checking tdate_parse.c: CONFIG_DEBUG;CONFIG_SSL_FULL_MODE;WIN32...
Checking tdate_parse.c: CONFIG_HTTP_DIRECTORIES...
Checking tdate_parse.c: CONFIG_HTTP_HAS_AUTHORIZATION...
Checking tdate_parse.c: CONFIG_HTTP_HAS_CGI...
Checking tdate_parse.c: CONFIG_HTTP_HAS_IPV6...
Checking tdate_parse.c: CONFIG_INTEGER_16BIT...
Checking tdate_parse.c: CONFIG_INTEGER_8BIT...
Checking tdate_parse.c: CONFIG_OPENSSL_COMPATIBLE...
Checking tdate_parse.c: CONFIG_PLATFORM_LINUX...
Checking tdate_parse.c: CONFIG_PLATFORM_SOLARIS...
Checking tdate_parse.c: CONFIG_SSL_CTX_MUTEXING...
Checking tdate_parse.c: CONFIG_SSL_FULL_MODE...
Checking tdate_parse.c: CONFIG_SSL_GENERATE_X509_CERT...
Checking tdate_parse.c: WIN32...
Checking tdate_parse.c: _WIN32_WCE...
processing samples/c/axssl.c
cli_file ./944.config/axssl.c.cli
Checking axssl.c ...
Checking axssl.c: CONFIG_BIGINT_BARRETT...
Checking axssl.c: CONFIG_BIGINT_CRT...
Checking axssl.c: CONFIG_BIGINT_MONTGOMERY...
Checking axssl.c: CONFIG_BIGINT_SQUARE...
Checking axssl.c: CONFIG_DEBUG;CONFIG_SSL_FULL_MODE;WIN32...
Checking axssl.c: CONFIG_INTEGER_16BIT...
Checking axssl.c: CONFIG_INTEGER_8BIT...
Checking axssl.c: CONFIG_OPENSSL_COMPATIBLE...
Checking axssl.c: CONFIG_PLATFORM_LINUX...
Checking axssl.c: CONFIG_PLATFORM_SOLARIS...
Checking axssl.c: CONFIG_SSL_CERT_VERIFICATION...
Checking axssl.c: CONFIG_SSL_CTX_MUTEXING...
Checking axssl.c: CONFIG_SSL_ENABLE_CLIENT...
Checking axssl.c: CONFIG_SSL_ENABLE_CLIENT;CONFIG_SSL_FULL_MODE...
Checking axssl.c: CONFIG_SSL_FULL_MODE...
Checking axssl.c: CONFIG_SSL_GENERATE_X509_CERT...
Checking axssl.c: WIN32...
Checking axssl.c: _WIN32_WCE...
processing ssl/tls1_clnt.c
cli_file ./368.config/tls1_clnt.c.cli
Checking tls1_clnt.c ...
Checking tls1_clnt.c: CONFIG_BIGINT_BARRETT...
Checking tls1_clnt.c: CONFIG_BIGINT_CRT...
Checking tls1_clnt.c: CONFIG_BIGINT_MONTGOMERY...
Checking tls1_clnt.c: CONFIG_BIGINT_SQUARE...
Checking tls1_clnt.c: CONFIG_DEBUG;CONFIG_SSL_FULL_MODE;WIN32...
Checking tls1_clnt.c: CONFIG_INTEGER_16BIT...
Checking tls1_clnt.c: CONFIG_INTEGER_8BIT...
Checking tls1_clnt.c: CONFIG_OPENSSL_COMPATIBLE...
Checking tls1_clnt.c: CONFIG_PLATFORM_LINUX...
Checking tls1_clnt.c: CONFIG_PLATFORM_SOLARIS...
Checking tls1_clnt.c: CONFIG_SSL_CTX_MUTEXING...
Checking tls1_clnt.c: CONFIG_SSL_ENABLE_CLIENT...
Checking tls1_clnt.c: CONFIG_SSL_FULL_MODE...
Checking tls1_clnt.c: CONFIG_SSL_GENERATE_X509_CERT...
Checking tls1_clnt.c: WIN32...
Checking tls1_clnt.c: _WIN32_WCE...
processing ssl/openssl.c
cli_file ./368.config/openssl.c.cli
Checking openssl.c ...
Checking openssl.c: CONFIG_BIGINT_BARRETT...
Checking openssl.c: CONFIG_BIGINT_CRT...
Checking openssl.c: CONFIG_BIGINT_MONTGOMERY...
Checking openssl.c: CONFIG_BIGINT_SQUARE...
Checking openssl.c: CONFIG_DEBUG;CONFIG_SSL_FULL_MODE;WIN32...
Checking openssl.c: CONFIG_INTEGER_16BIT...
Checking openssl.c: CONFIG_INTEGER_8BIT...
Checking openssl.c: CONFIG_OPENSSL_COMPATIBLE...
Checking openssl.c: CONFIG_OPENSSL_COMPATIBLE;CONFIG_SSL_ENABLE_CLIENT...
Checking openssl.c: CONFIG_PLATFORM_LINUX...
Checking openssl.c: CONFIG_PLATFORM_SOLARIS...
Checking openssl.c: CONFIG_SSL_CTX_MUTEXING...
Checking openssl.c: CONFIG_SSL_FULL_MODE...
Checking openssl.c: CONFIG_SSL_GENERATE_X509_CERT...
Checking openssl.c: WIN32...
Checking openssl.c: _WIN32_WCE...
processing ssl/test/perf_bigint.c
cli_file
Checking perf_bigint.c ...
Checking perf_bigint.c: CONFIG_SSL_CERT_VERIFICATION...
processing ssl/test/ssltest.c
cli_file
Checking ssltest.c ...
Checking ssltest.c: CONFIG_SSL_GENERATE_X509_CERT...
Checking ssltest.c: WIN32...
processing ssl/loader.c
cli_file ./368.config/loader.c.cli
Checking loader.c ...
Checking loader.c: CONFIG_BIGINT_BARRETT...
Checking loader.c: CONFIG_BIGINT_CRT...
Checking loader.c: CONFIG_BIGINT_MONTGOMERY...
Checking loader.c: CONFIG_BIGINT_SQUARE...
Checking loader.c: CONFIG_DEBUG;CONFIG_SSL_FULL_MODE;WIN32...
Checking loader.c: CONFIG_INTEGER_16BIT...
Checking loader.c: CONFIG_INTEGER_8BIT...
Checking loader.c: CONFIG_OPENSSL_COMPATIBLE...
Checking loader.c: CONFIG_PLATFORM_LINUX...
Checking loader.c: CONFIG_PLATFORM_SOLARIS...
Checking loader.c: CONFIG_SSL_CERT_VERIFICATION...
Checking loader.c: CONFIG_SSL_CTX_MUTEXING...
Checking loader.c: CONFIG_SSL_FULL_MODE...
Checking loader.c: CONFIG_SSL_FULL_MODE;CONFIG_SSL_HAS_PEM...
Checking loader.c: CONFIG_SSL_FULL_MODE;CONFIG_SSL_SKELETON_MODE...
Checking loader.c: CONFIG_SSL_GENERATE_X509_CERT...
Checking loader.c: CONFIG_SSL_HAS_PEM...
Checking loader.c: CONFIG_SSL_SKELETON_MODE...
Checking loader.c: CONFIG_SSL_SKELETON_MODE;CONFIG_SSL_USE_DEFAULT_KEY...
Checking loader.c: CONFIG_SSL_USE_PKCS12...
Checking loader.c: WIN32...
Checking loader.c: _WIN32_WCE...
processing ssl/p12.c
cli_file ./368.config/p12.c.cli
Checking p12.c ...
Checking p12.c: CONFIG_BIGINT_BARRETT...
Checking p12.c: CONFIG_BIGINT_CRT...
Checking p12.c: CONFIG_BIGINT_MONTGOMERY...
Checking p12.c: CONFIG_BIGINT_SQUARE...
Checking p12.c: CONFIG_DEBUG;CONFIG_SSL_FULL_MODE;WIN32...
Checking p12.c: CONFIG_INTEGER_16BIT...
Checking p12.c: CONFIG_INTEGER_8BIT...
Checking p12.c: CONFIG_OPENSSL_COMPATIBLE...
Checking p12.c: CONFIG_PLATFORM_LINUX...
Checking p12.c: CONFIG_PLATFORM_SOLARIS...
Checking p12.c: CONFIG_SSL_CTX_MUTEXING...
Checking p12.c: CONFIG_SSL_FULL_MODE...
Checking p12.c: CONFIG_SSL_FULL_MODE;CONFIG_SSL_USE_PKCS12...
Checking p12.c: CONFIG_SSL_GENERATE_X509_CERT...
Checking p12.c: CONFIG_SSL_USE_PKCS12...
Checking p12.c: WIN32...
Checking p12.c: _WIN32_WCE...
processing ssl/asn1.c
cli_file ./368.config/asn1.c.cli
Checking asn1.c ...
Checking asn1.c: CONFIG_BIGINT_BARRETT...
Checking asn1.c: CONFIG_BIGINT_CRT...
Checking asn1.c: CONFIG_BIGINT_MONTGOMERY...
Checking asn1.c: CONFIG_BIGINT_SQUARE...
Checking asn1.c: CONFIG_DEBUG;CONFIG_SSL_FULL_MODE;WIN32...
Checking asn1.c: CONFIG_INTEGER_16BIT...
Checking asn1.c: CONFIG_INTEGER_8BIT...
Checking asn1.c: CONFIG_PLATFORM_LINUX...
Checking asn1.c: CONFIG_PLATFORM_SOLARIS...
Checking asn1.c: CONFIG_SSL_CERT_VERIFICATION...
Checking asn1.c: CONFIG_SSL_CTX_MUTEXING...
Checking asn1.c: CONFIG_SSL_FULL_MODE...
Checking asn1.c: CONFIG_SSL_GENERATE_X509_CERT...
Checking asn1.c: WIN32...
Checking asn1.c: _WIN32_WCE...
processing ssl/gen_cert.c
cli_file ./368.config/gen_cert.c.cli
Checking gen_cert.c ...
Checking gen_cert.c: CONFIG_BIGINT_BARRETT...
Checking gen_cert.c: CONFIG_BIGINT_CRT...
Checking gen_cert.c: CONFIG_BIGINT_MONTGOMERY...
Checking gen_cert.c: CONFIG_BIGINT_SQUARE...
Checking gen_cert.c: CONFIG_DEBUG;CONFIG_SSL_FULL_MODE;WIN32...
Checking gen_cert.c: CONFIG_INTEGER_16BIT...
Checking gen_cert.c: CONFIG_INTEGER_8BIT...
Checking gen_cert.c: CONFIG_OPENSSL_COMPATIBLE...
Checking gen_cert.c: CONFIG_PLATFORM_LINUX...
Checking gen_cert.c: CONFIG_PLATFORM_SOLARIS...
Checking gen_cert.c: CONFIG_SSL_CTX_MUTEXING...
Checking gen_cert.c: CONFIG_SSL_FULL_MODE...
Checking gen_cert.c: CONFIG_SSL_GENERATE_X509_CERT...
Checking gen_cert.c: WIN32...
Checking gen_cert.c: _WIN32_WCE...
processing ssl/tls1.c
cli_file ./368.config/tls1.c.cli
Checking tls1.c ...
Checking tls1.c: CONFIG_BIGINT_BARRETT...
Checking tls1.c: CONFIG_BIGINT_CRT...
Checking tls1.c: CONFIG_BIGINT_MONTGOMERY...
Checking tls1.c: CONFIG_BIGINT_SQUARE...
Checking tls1.c: CONFIG_BINDINGS...
Checking tls1.c: CONFIG_DEBUG;CONFIG_SSL_FULL_MODE;WIN32...
Checking tls1.c: CONFIG_ENABLE_VERIFICATION...
Checking tls1.c: CONFIG_INTEGER_16BIT...
Checking tls1.c: CONFIG_INTEGER_8BIT...
Checking tls1.c: CONFIG_OPENSSL_COMPATIBLE...
Checking tls1.c: CONFIG_PLATFORM_LINUX...
Checking tls1.c: CONFIG_PLATFORM_SOLARIS...
Checking tls1.c: CONFIG_SSL_CERT_VERIFICATION...
Checking tls1.c: CONFIG_SSL_CERT_VERIFICATION;CONFIG_SSL_FULL_MODE...
Checking tls1.c: CONFIG_SSL_CTX_MUTEXING...
Checking tls1.c: CONFIG_SSL_ENABLE_CLIENT...
Checking tls1.c: CONFIG_SSL_FULL_MODE...
Checking tls1.c: CONFIG_SSL_GENERATE_X509_CERT...
Checking tls1.c: CONFIG_SSL_HAS_PEM...
Checking tls1.c: CONFIG_SSL_PROT_LOW...
Checking tls1.c: CONFIG_SSL_PROT_MEDIUM...
Checking tls1.c: CONFIG_SSL_SERVER_ONLY...
Checking tls1.c: WIN32...
Checking tls1.c: _WIN32_WCE...
processing ssl/tls1_svr.c
cli_file ./368.config/tls1_svr.c.cli
Checking tls1_svr.c ...
Checking tls1_svr.c: CONFIG_BIGINT_BARRETT...
Checking tls1_svr.c: CONFIG_BIGINT_CRT...
Checking tls1_svr.c: CONFIG_BIGINT_MONTGOMERY...
Checking tls1_svr.c: CONFIG_BIGINT_SQUARE...
Checking tls1_svr.c: CONFIG_DEBUG;CONFIG_SSL_FULL_MODE;WIN32...
Checking tls1_svr.c: CONFIG_INTEGER_16BIT...
Checking tls1_svr.c: CONFIG_INTEGER_8BIT...
Checking tls1_svr.c: CONFIG_OPENSSL_COMPATIBLE...
Checking tls1_svr.c: CONFIG_PLATFORM_LINUX...
Checking tls1_svr.c: CONFIG_PLATFORM_SOLARIS...
Checking tls1_svr.c: CONFIG_SSL_CERT_VERIFICATION...
Checking tls1_svr.c: CONFIG_SSL_CTX_MUTEXING...
Checking tls1_svr.c: CONFIG_SSL_FULL_MODE...
Checking tls1_svr.c: CONFIG_SSL_GENERATE_X509_CERT...
Checking tls1_svr.c: CONFIG_SSL_SKELETON_MODE...
Checking tls1_svr.c: WIN32...
Checking tls1_svr.c: _WIN32_WCE...
processing ssl/x509.c
cli_file ./368.config/x509.c.cli
Checking x509.c ...
Checking x509.c: CONFIG_BIGINT_BARRETT...
Checking x509.c: CONFIG_BIGINT_CRT...
Checking x509.c: CONFIG_BIGINT_MONTGOMERY...
Checking x509.c: CONFIG_BIGINT_SQUARE...
Checking x509.c: CONFIG_DEBUG;CONFIG_SSL_FULL_MODE;WIN32...
Checking x509.c: CONFIG_INTEGER_16BIT...
Checking x509.c: CONFIG_INTEGER_8BIT...
Checking x509.c: CONFIG_PLATFORM_LINUX...
Checking x509.c: CONFIG_PLATFORM_SOLARIS...
Checking x509.c: CONFIG_SSL_CERT_VERIFICATION...
Checking x509.c: CONFIG_SSL_CTX_MUTEXING...
Checking x509.c: CONFIG_SSL_FULL_MODE...
Checking x509.c: CONFIG_SSL_GENERATE_X509_CERT...
Checking x509.c: WIN32...
Checking x509.c: _WIN32_WCE...
processing ssl/os_port.c
cli_file ./368.config/os_port.c.cli
Checking os_port.c ...
Checking os_port.c: CONFIG_PLATFORM_LINUX...
Checking os_port.c: CONFIG_PLATFORM_SOLARIS...
Checking os_port.c: CONFIG_SSL_CTX_MUTEXING...
Checking os_port.c: WIN32...
Checking os_port.c: WIN32;_WIN32_WCE...
Checking os_port.c: _WIN32_WCE...
Fri Oct 12 00:33:58 EDT 2018
